Using pre-set license
Built from '2022.3/release' branch; Version is '2022.3.20f1 (61c2feb0970d) revision 6406910'; Using compiler version '192829333'; Build Type 'Release'
OS: 'Windows 11  (10.0.22631) 64bit CoreSingleLanguage' Language: 'tr' Physical Memory: 16125 MB
BatchMode: 1, IsHumanControllingUs: 0, StartBugReporterOnCrash: 0, Is64bit: 1, IsPro: 1

COMMAND LINE ARGUMENTS:
C:\Program Files\Unity\Hub\Editor\2022.3.20f1\Editor\Unity.exe
-adb2
-batchMode
-noUpm
-name
AssetImportWorker1
-projectPath
C:/Users/baran/Documents/GitHub/Office
-logFile
Logs/AssetImportWorker1.log
-srvPort
63006
Successfully changed project path to: C:/Users/baran/Documents/GitHub/Office
C:/Users/baran/Documents/GitHub/Office
[UnityMemory] Configuration Parameters - Can be set up in boot.config
    "memorysetup-bucket-allocator-granularity=16"
    "memorysetup-bucket-allocator-bucket-count=8"
    "memorysetup-bucket-allocator-block-size=33554432"
    "memorysetup-bucket-allocator-block-count=8"
    "memorysetup-main-allocator-block-size=16777216"
    "memorysetup-thread-allocator-block-size=16777216"
    "memorysetup-gfx-main-allocator-block-size=16777216"
    "memorysetup-gfx-thread-allocator-block-size=16777216"
    "memorysetup-cache-allocator-block-size=4194304"
    "memorysetup-typetree-allocator-block-size=2097152"
    "memorysetup-profiler-bucket-allocator-granularity=16"
    "memorysetup-profiler-bucket-allocator-bucket-count=8"
    "memorysetup-profiler-bucket-allocator-block-size=33554432"
    "memorysetup-profiler-bucket-allocator-block-count=8"
    "memorysetup-profiler-allocator-block-size=16777216"
    "memorysetup-profiler-editor-allocator-block-size=1048576"
    "memorysetup-temp-allocator-size-main=16777216"
    "memorysetup-job-temp-allocator-block-size=2097152"
    "memorysetup-job-temp-allocator-block-size-background=1048576"
    "memorysetup-job-temp-allocator-reduction-small-platforms=262144"
    "memorysetup-allocator-temp-initial-block-size-main=262144"
    "memorysetup-allocator-temp-initial-block-size-worker=262144"
    "memorysetup-temp-allocator-size-background-worker=32768"
    "memorysetup-temp-allocator-size-job-worker=262144"
    "memorysetup-temp-allocator-size-preload-manager=33554432"
    "memorysetup-temp-allocator-size-nav-mesh-worker=65536"
    "memorysetup-temp-allocator-size-audio-worker=65536"
    "memorysetup-temp-allocator-size-cloud-worker=32768"
    "memorysetup-temp-allocator-size-gi-baking-worker=262144"
    "memorysetup-temp-allocator-size-gfx=262144"
Player connection [1900] Host "[IP] 192.168.1.8 [Port] 0 [Flags] 2 [Guid] 2100259964 [EditorId] 2100259964 [Version] 1048832 [Id] WindowsEditor(7,DESKTOP-66AG3Q3) [Debug] 1 [PackageName] WindowsEditor [ProjectName] Editor" joined multi-casting on [225.0.0.222:54997]...

Player connection [1900] Host "[IP] 192.168.1.8 [Port] 0 [Flags] 2 [Guid] 2100259964 [EditorId] 2100259964 [Version] 1048832 [Id] WindowsEditor(7,DESKTOP-66AG3Q3) [Debug] 1 [PackageName] WindowsEditor [ProjectName] Editor" joined alternative multi-casting on [225.0.0.222:34997]...

[Physics::Module] Initialized MultithreadedJobDispatcher with 15 workers.
Refreshing native plugins compatible for Editor in 7.31 ms, found 3 plugins.
Preloading 0 native plugins for Editor in 0.00 ms.
Initialize engine version: 2022.3.20f1 (61c2feb0970d)
[Subsystems] Discovering subsystems at path C:/Program Files/Unity/Hub/Editor/2022.3.20f1/Editor/Data/Resources/UnitySubsystems
[Subsystems] Discovering subsystems at path C:/Users/baran/Documents/GitHub/Office/Assets
GfxDevice: creating device client; threaded=0; jobified=0
Direct3D:
    Version:  Direct3D 11.0 [level 11.1]
    Renderer: NVIDIA GeForce RTX 3060 Laptop GPU (ID=0x2520)
    Vendor:   NVIDIA
    VRAM:     5996 MB
    Driver:   31.0.15.5186
Initialize mono
Mono path[0] = 'C:/Program Files/Unity/Hub/Editor/2022.3.20f1/Editor/Data/Managed'
Mono path[1] = 'C:/Program Files/Unity/Hub/Editor/2022.3.20f1/Editor/Data/MonoBleedingEdge/lib/mono/unityjit-win32'
Mono config path = 'C:/Program Files/Unity/Hub/Editor/2022.3.20f1/Editor/Data/MonoBleedingEdge/etc'
Using monoOptions --debugger-agent=transport=dt_socket,embedding=1,server=y,suspend=n,address=127.0.0.1:56372
Begin MonoManager ReloadAssembly
Registering precompiled unity dll's ...
Register platform support module: C:/Program Files/Unity/Hub/Editor/2022.3.20f1/Editor/Data/PlaybackEngines/AndroidPlayer/UnityEditor.Android.Extensions.dll
Register platform support module: C:/Program Files/Unity/Hub/Editor/2022.3.20f1/Editor/Data/PlaybackEngines/iOSSupport/UnityEditor.iOS.Extensions.dll
Register platform support module: C:/Program Files/Unity/Hub/Editor/2022.3.20f1/Editor/Data/PlaybackEngines/WindowsStandaloneSupport/UnityEditor.WindowsStandalone.Extensions.dll
Registered in 0.008086 seconds.
- Loaded All Assemblies, in  0.320 seconds
Native extension for WindowsStandalone target not found
[usbmuxd] Start listen thread
[usbmuxd] Listen thread started
[usbmuxd] Send listen message
Native extension for iOS target not found
Native extension for Android target not found
Android Extension - Scanning For ADB Devices 2180 ms
Mono: successfully reloaded assembly
- Finished resetting the current domain, in  2.468 seconds
Domain Reload Profiling: 2787ms
	BeginReloadAssembly (98ms)
		ExecutionOrderSort (0ms)
		DisableScriptedObjects (0ms)
		BackupInstance (0ms)
		ReleaseScriptingObjects (0ms)
		CreateAndSetChildDomain (1ms)
	RebuildCommonClasses (30ms)
	RebuildNativeTypeToScriptingClass (9ms)
	initialDomainReloadingComplete (51ms)
	LoadAllAssembliesAndSetupDomain (129ms)
		LoadAssemblies (97ms)
		RebuildTransferFunctionScriptingTraits (0ms)
		AnalyzeDomain (126ms)
			TypeCache.Refresh (125ms)
				TypeCache.ScanAssembly (114ms)
			ScanForSourceGeneratedMonoScriptInfo (0ms)
			ResolveRequiredComponents (0ms)
	FinalizeReload (2469ms)
		ReleaseScriptCaches (0ms)
		RebuildScriptCaches (0ms)
		SetupLoadedEditorAssemblies (2419ms)
			LogAssemblyErrors (0ms)
			InitializePlatformSupportModulesInManaged (2284ms)
			SetLoadedEditorAssemblies (3ms)
			RefreshPlugins (0ms)
			BeforeProcessingInitializeOnLoad (2ms)
			ProcessInitializeOnLoadAttributes (92ms)
			ProcessInitializeOnLoadMethodAttributes (38ms)
			AfterProcessingInitializeOnLoad (0ms)
			EditorAssembliesLoaded (0ms)
		ExecutionOrderSort2 (0ms)
		AwakeInstancesAfterBackupRestoration (0ms)
========================================================================
Worker process is ready to serve import requests
Begin MonoManager ReloadAssembly
- Loaded All Assemblies, in  0.537 seconds
Refreshing native plugins compatible for Editor in 2.60 ms, found 3 plugins.
Native extension for WindowsStandalone target not found
Native extension for iOS target not found
Native extension for Android target not found
Package Manager log level set to [2]
[Package Manager] Server::EnsureServerProcessIsRunning -- launch failed, reason: Unity was launched with the -noUpm command-line argument
[Package Manager] UpmClient::Send -- Unable to send message (not connected to UPM process).
[Package Manager] Cannot connect to Unity Package Manager local server
Mono: successfully reloaded assembly
- Finished resetting the current domain, in  0.487 seconds
Domain Reload Profiling: 1022ms
	BeginReloadAssembly (126ms)
		ExecutionOrderSort (0ms)
		DisableScriptedObjects (5ms)
		BackupInstance (0ms)
		ReleaseScriptingObjects (0ms)
		CreateAndSetChildDomain (21ms)
	RebuildCommonClasses (27ms)
	RebuildNativeTypeToScriptingClass (9ms)
	initialDomainReloadingComplete (35ms)
	LoadAllAssembliesAndSetupDomain (337ms)
		LoadAssemblies (247ms)
		RebuildTransferFunctionScriptingTraits (0ms)
		AnalyzeDomain (162ms)
			TypeCache.Refresh (145ms)
				TypeCache.ScanAssembly (128ms)
			ScanForSourceGeneratedMonoScriptInfo (12ms)
			ResolveRequiredComponents (4ms)
	FinalizeReload (487ms)
		ReleaseScriptCaches (0ms)
		RebuildScriptCaches (0ms)
		SetupLoadedEditorAssemblies (356ms)
			LogAssemblyErrors (0ms)
			InitializePlatformSupportModulesInManaged (28ms)
			SetLoadedEditorAssemblies (3ms)
			RefreshPlugins (0ms)
			BeforeProcessingInitializeOnLoad (50ms)
			ProcessInitializeOnLoadAttributes (247ms)
			ProcessInitializeOnLoadMethodAttributes (21ms)
			AfterProcessingInitializeOnLoad (6ms)
			EditorAssembliesLoaded (0ms)
		ExecutionOrderSort2 (0ms)
		AwakeInstancesAfterBackupRestoration (5ms)
Launched and connected shader compiler UnityShaderCompiler.exe after 0.06 seconds
Refreshing native plugins compatible for Editor in 2.64 ms, found 3 plugins.
Preloading 0 native plugins for Editor in 0.00 ms.
Unloading 3091 Unused Serialized files (Serialized files now loaded: 0)
Unloading 32 unused Assets / (57.1 KB). Loaded Objects now: 3555.
Memory consumption went from 128.1 MB to 128.0 MB.
Total: 2.966600 ms (FindLiveObjects: 0.225900 ms CreateObjectMapping: 0.066500 ms MarkObjects: 2.562800 ms  DeleteObjects: 0.110000 ms)

AssetImportParameters requested are different than current active one (requested -> active):
  custom:container-demuxer-ogg: 62fdf1f143b41e24485cea50d1cbac27 -> 
  custom:video-decoder-ogg-theora: a1e56fd34408186e4bbccfd4996cb3dc -> 
  custom:framework-win-MediaFoundation: 216162199b28c13a410421893ffa2e32 -> 
  custom:CustomObjectIndexerAttribute: 6d391050e5a25f67b0a2c618074f2cd9 -> 
  custom:container-demuxer-webm: 4f35f7cbe854078d1ac9338744f61a02 -> 
  custom:container-muxer-webm: aa71ff27fc2769a1b78a27578f13a17b -> 
  custom:video-decoder-webm-vp8: 9c59270c3fd7afecdb556c50c9e8de78 -> 
  custom:SearchIndexIgnoredProperties: e643bd26f0fe6173181afceb89e7c659 -> 
  custom:AudioImporter_EditorPlatform: d09bf68614088b80899f8185d706f6e7 -> 
  custom:video-encoder-webm-vp8: eb34c28f22e8b96e1ab97ce403110664 -> 
  custom:audio-decoder-ogg-vorbis: bf7c407c2cedff20999df2af8eb42d56 -> 
  custom:audio-encoder-webm-vorbis: bf7c407c2cedff20999df2af8eb42d56 -> 
========================================================================
Received Import Request.
  Time since last request: 195596.481168 seconds.
  path: Assets/Mini First Person Controller
  artifactKey: Guid(c5cc7d9f0c7f6eb45995e7cd91a8b954) Importer(815301076,1909f56bfc062723c751e8b465ee728b)
Start importing Assets/Mini First Person Controller using Guid(c5cc7d9f0c7f6eb45995e7cd91a8b954) Importer(815301076,1909f56bfc062723c751e8b465ee728b)  -> (artifact id: '0b96b0b59eaa9aea16f3f70fb4a341e7') in 0.002344 seconds
Number of updated asset objects reloaded before import = 0
Number of asset objects unloaded after import = 0
========================================================================
Received Prepare
Begin MonoManager ReloadAssembly
- Loaded All Assemblies, in  0.403 seconds
Refreshing native plugins compatible for Editor in 4.04 ms, found 3 plugins.
Native extension for WindowsStandalone target not found
Native extension for iOS target not found
Native extension for Android target not found
[Package Manager] Server::EnsureServerProcessIsRunning -- launch failed, reason: Unity was launched with the -noUpm command-line argument
[Package Manager] UpmClient::Send -- Unable to send message (not connected to UPM process).
[Package Manager] Cannot connect to Unity Package Manager local server
Mono: successfully reloaded assembly
- Finished resetting the current domain, in  0.837 seconds
Domain Reload Profiling: 1238ms
	BeginReloadAssembly (140ms)
		ExecutionOrderSort (0ms)
		DisableScriptedObjects (4ms)
		BackupInstance (0ms)
		ReleaseScriptingObjects (0ms)
		CreateAndSetChildDomain (30ms)
	RebuildCommonClasses (34ms)
	RebuildNativeTypeToScriptingClass (16ms)
	initialDomainReloadingComplete (26ms)
	LoadAllAssembliesAndSetupDomain (184ms)
		LoadAssemblies (240ms)
		RebuildTransferFunctionScriptingTraits (0ms)
		AnalyzeDomain (20ms)
			TypeCache.Refresh (8ms)
				TypeCache.ScanAssembly (0ms)
			ScanForSourceGeneratedMonoScriptInfo (8ms)
			ResolveRequiredComponents (4ms)
	FinalizeReload (838ms)
		ReleaseScriptCaches (0ms)
		RebuildScriptCaches (0ms)
		SetupLoadedEditorAssemblies (365ms)
			LogAssemblyErrors (0ms)
			InitializePlatformSupportModulesInManaged (33ms)
			SetLoadedEditorAssemblies (4ms)
			RefreshPlugins (0ms)
			BeforeProcessingInitializeOnLoad (56ms)
			ProcessInitializeOnLoadAttributes (240ms)
			ProcessInitializeOnLoadMethodAttributes (26ms)
			AfterProcessingInitializeOnLoad (6ms)
			EditorAssembliesLoaded (0ms)
		ExecutionOrderSort2 (0ms)
		AwakeInstancesAfterBackupRestoration (7ms)
Refreshing native plugins compatible for Editor in 2.56 ms, found 3 plugins.
Preloading 0 native plugins for Editor in 0.00 ms.
Unloading 3082 Unused Serialized files (Serialized files now loaded: 0)
Unloading 23 unused Assets / (31.1 KB). Loaded Objects now: 3558.
Memory consumption went from 128.1 MB to 128.1 MB.
Total: 3.288000 ms (FindLiveObjects: 0.308700 ms CreateObjectMapping: 0.123000 ms MarkObjects: 2.787000 ms  DeleteObjects: 0.068100 ms)

Prepare: number of updated asset objects reloaded= 0
AssetImportParameters requested are different than current active one (requested -> active):
  custom:container-demuxer-ogg: 62fdf1f143b41e24485cea50d1cbac27 -> 
  custom:video-decoder-ogg-theora: a1e56fd34408186e4bbccfd4996cb3dc -> 
  custom:framework-win-MediaFoundation: 216162199b28c13a410421893ffa2e32 -> 
  custom:CustomObjectIndexerAttribute: 6d391050e5a25f67b0a2c618074f2cd9 -> 
  custom:container-demuxer-webm: 4f35f7cbe854078d1ac9338744f61a02 -> 
  custom:container-muxer-webm: aa71ff27fc2769a1b78a27578f13a17b -> 
  custom:video-decoder-webm-vp8: 9c59270c3fd7afecdb556c50c9e8de78 -> 
  custom:SearchIndexIgnoredProperties: e643bd26f0fe6173181afceb89e7c659 -> 
  custom:AudioImporter_EditorPlatform: d09bf68614088b80899f8185d706f6e7 -> 
  custom:video-encoder-webm-vp8: eb34c28f22e8b96e1ab97ce403110664 -> 
  custom:audio-decoder-ogg-vorbis: bf7c407c2cedff20999df2af8eb42d56 -> 
  custom:audio-encoder-webm-vorbis: bf7c407c2cedff20999df2af8eb42d56 -> 
========================================================================
Received Import Request.
  Time since last request: 16.102107 seconds.
  path: Assets/Plug-In's/Mini First Person Controller/First Person Controller Minimal.prefab
  artifactKey: Guid(f2e0b7ae4dae8cf44955bccd3512b213) Importer(815301076,1909f56bfc062723c751e8b465ee728b)
Start importing Assets/Plug-In's/Mini First Person Controller/First Person Controller Minimal.prefab using Guid(f2e0b7ae4dae8cf44955bccd3512b213) Importer(815301076,1909f56bfc062723c751e8b465ee728b)  -> (artifact id: 'db5869b608432927ae2f949919aa51fe') in 0.279160 seconds
Number of updated asset objects reloaded before import = 0
Number of asset objects unloaded after import = 33
========================================================================
Received Prepare
Begin MonoManager ReloadAssembly
- Loaded All Assemblies, in  0.377 seconds
Refreshing native plugins compatible for Editor in 2.53 ms, found 3 plugins.
Native extension for WindowsStandalone target not found
Native extension for iOS target not found
Native extension for Android target not found
[Package Manager] Server::EnsureServerProcessIsRunning -- launch failed, reason: Unity was launched with the -noUpm command-line argument
[Package Manager] UpmClient::Send -- Unable to send message (not connected to UPM process).
[Package Manager] Cannot connect to Unity Package Manager local server
Mono: successfully reloaded assembly
- Finished resetting the current domain, in  0.819 seconds
Domain Reload Profiling: 1193ms
	BeginReloadAssembly (126ms)
		ExecutionOrderSort (0ms)
		DisableScriptedObjects (4ms)
		BackupInstance (0ms)
		ReleaseScriptingObjects (0ms)
		CreateAndSetChildDomain (29ms)
	RebuildCommonClasses (32ms)
	RebuildNativeTypeToScriptingClass (14ms)
	initialDomainReloadingComplete (35ms)
	LoadAllAssembliesAndSetupDomain (167ms)
		LoadAssemblies (223ms)
		RebuildTransferFunctionScriptingTraits (0ms)
		AnalyzeDomain (10ms)
			TypeCache.Refresh (5ms)
				TypeCache.ScanAssembly (0ms)
			ScanForSourceGeneratedMonoScriptInfo (0ms)
			ResolveRequiredComponents (4ms)
	FinalizeReload (819ms)
		ReleaseScriptCaches (0ms)
		RebuildScriptCaches (0ms)
		SetupLoadedEditorAssemblies (405ms)
			LogAssemblyErrors (0ms)
			InitializePlatformSupportModulesInManaged (35ms)
			SetLoadedEditorAssemblies (4ms)
			RefreshPlugins (0ms)
			BeforeProcessingInitializeOnLoad (64ms)
			ProcessInitializeOnLoadAttributes (270ms)
			ProcessInitializeOnLoadMethodAttributes (26ms)
			AfterProcessingInitializeOnLoad (7ms)
			EditorAssembliesLoaded (0ms)
		ExecutionOrderSort2 (0ms)
		AwakeInstancesAfterBackupRestoration (7ms)
Refreshing native plugins compatible for Editor in 3.56 ms, found 3 plugins.
Preloading 0 native plugins for Editor in 0.00 ms.
Unloading 3082 Unused Serialized files (Serialized files now loaded: 0)
Unloading 22 unused Assets / (30.2 KB). Loaded Objects now: 3570.
Memory consumption went from 129.4 MB to 129.3 MB.
Total: 2.895600 ms (FindLiveObjects: 0.275700 ms CreateObjectMapping: 0.222500 ms MarkObjects: 2.319400 ms  DeleteObjects: 0.076300 ms)

Prepare: number of updated asset objects reloaded= 0
AssetImportParameters requested are different than current active one (requested -> active):
  custom:container-demuxer-ogg: 62fdf1f143b41e24485cea50d1cbac27 -> 
  custom:video-decoder-ogg-theora: a1e56fd34408186e4bbccfd4996cb3dc -> 
  custom:framework-win-MediaFoundation: 216162199b28c13a410421893ffa2e32 -> 
  custom:CustomObjectIndexerAttribute: 6d391050e5a25f67b0a2c618074f2cd9 -> 
  custom:container-demuxer-webm: 4f35f7cbe854078d1ac9338744f61a02 -> 
  custom:container-muxer-webm: aa71ff27fc2769a1b78a27578f13a17b -> 
  custom:video-decoder-webm-vp8: 9c59270c3fd7afecdb556c50c9e8de78 -> 
  custom:SearchIndexIgnoredProperties: e643bd26f0fe6173181afceb89e7c659 -> 
  custom:AudioImporter_EditorPlatform: d09bf68614088b80899f8185d706f6e7 -> 
  custom:video-encoder-webm-vp8: eb34c28f22e8b96e1ab97ce403110664 -> 
  custom:audio-decoder-ogg-vorbis: bf7c407c2cedff20999df2af8eb42d56 -> 
  custom:audio-encoder-webm-vorbis: bf7c407c2cedff20999df2af8eb42d56 -> 
========================================================================
Received Prepare
Begin MonoManager ReloadAssembly
- Loaded All Assemblies, in  0.432 seconds
Refreshing native plugins compatible for Editor in 3.14 ms, found 3 plugins.
Native extension for WindowsStandalone target not found
Native extension for iOS target not found
Native extension for Android target not found
[Package Manager] Server::EnsureServerProcessIsRunning -- launch failed, reason: Unity was launched with the -noUpm command-line argument
[Package Manager] UpmClient::Send -- Unable to send message (not connected to UPM process).
[Package Manager] Cannot connect to Unity Package Manager local server
Mono: successfully reloaded assembly
- Finished resetting the current domain, in  0.850 seconds
Domain Reload Profiling: 1280ms
	BeginReloadAssembly (144ms)
		ExecutionOrderSort (0ms)
		DisableScriptedObjects (5ms)
		BackupInstance (0ms)
		ReleaseScriptingObjects (0ms)
		CreateAndSetChildDomain (33ms)
	RebuildCommonClasses (34ms)
	RebuildNativeTypeToScriptingClass (11ms)
	initialDomainReloadingComplete (27ms)
	LoadAllAssembliesAndSetupDomain (214ms)
		LoadAssemblies (267ms)
		RebuildTransferFunctionScriptingTraits (0ms)
		AnalyzeDomain (22ms)
			TypeCache.Refresh (10ms)
				TypeCache.ScanAssembly (0ms)
			ScanForSourceGeneratedMonoScriptInfo (7ms)
			ResolveRequiredComponents (4ms)
	FinalizeReload (851ms)
		ReleaseScriptCaches (0ms)
		RebuildScriptCaches (0ms)
		SetupLoadedEditorAssemblies (398ms)
			LogAssemblyErrors (0ms)
			InitializePlatformSupportModulesInManaged (32ms)
			SetLoadedEditorAssemblies (5ms)
			RefreshPlugins (0ms)
			BeforeProcessingInitializeOnLoad (56ms)
			ProcessInitializeOnLoadAttributes (276ms)
			ProcessInitializeOnLoadMethodAttributes (23ms)
			AfterProcessingInitializeOnLoad (6ms)
			EditorAssembliesLoaded (0ms)
		ExecutionOrderSort2 (0ms)
		AwakeInstancesAfterBackupRestoration (7ms)
Refreshing native plugins compatible for Editor in 2.85 ms, found 3 plugins.
Preloading 0 native plugins for Editor in 0.00 ms.
Unloading 3087 Unused Serialized files (Serialized files now loaded: 0)
Unloading 22 unused Assets / (30.2 KB). Loaded Objects now: 3578.
Memory consumption went from 131.4 MB to 131.4 MB.
Total: 2.600800 ms (FindLiveObjects: 0.199000 ms CreateObjectMapping: 0.057600 ms MarkObjects: 2.301400 ms  DeleteObjects: 0.041900 ms)

Prepare: number of updated asset objects reloaded= 0
AssetImportParameters requested are different than current active one (requested -> active):
  custom:container-demuxer-ogg: 62fdf1f143b41e24485cea50d1cbac27 -> 
  custom:video-decoder-ogg-theora: a1e56fd34408186e4bbccfd4996cb3dc -> 
  custom:framework-win-MediaFoundation: 216162199b28c13a410421893ffa2e32 -> 
  custom:CustomObjectIndexerAttribute: 6d391050e5a25f67b0a2c618074f2cd9 -> 
  custom:container-demuxer-webm: 4f35f7cbe854078d1ac9338744f61a02 -> 
  custom:container-muxer-webm: aa71ff27fc2769a1b78a27578f13a17b -> 
  custom:video-decoder-webm-vp8: 9c59270c3fd7afecdb556c50c9e8de78 -> 
  custom:SearchIndexIgnoredProperties: e643bd26f0fe6173181afceb89e7c659 -> 
  custom:AudioImporter_EditorPlatform: d09bf68614088b80899f8185d706f6e7 -> 
  custom:video-encoder-webm-vp8: eb34c28f22e8b96e1ab97ce403110664 -> 
  custom:audio-decoder-ogg-vorbis: bf7c407c2cedff20999df2af8eb42d56 -> 
  custom:audio-encoder-webm-vorbis: bf7c407c2cedff20999df2af8eb42d56 -> 
========================================================================
Received Prepare
Begin MonoManager ReloadAssembly
- Loaded All Assemblies, in  0.385 seconds
Refreshing native plugins compatible for Editor in 3.07 ms, found 3 plugins.
Native extension for WindowsStandalone target not found
Native extension for iOS target not found
Native extension for Android target not found
[Package Manager] Server::EnsureServerProcessIsRunning -- launch failed, reason: Unity was launched with the -noUpm command-line argument
[Package Manager] UpmClient::Send -- Unable to send message (not connected to UPM process).
[Package Manager] Cannot connect to Unity Package Manager local server
Mono: successfully reloaded assembly
- Finished resetting the current domain, in  0.803 seconds
Domain Reload Profiling: 1185ms
	BeginReloadAssembly (133ms)
		ExecutionOrderSort (0ms)
		DisableScriptedObjects (4ms)
		BackupInstance (0ms)
		ReleaseScriptingObjects (0ms)
		CreateAndSetChildDomain (33ms)
	RebuildCommonClasses (29ms)
	RebuildNativeTypeToScriptingClass (9ms)
	initialDomainReloadingComplete (27ms)
	LoadAllAssembliesAndSetupDomain (183ms)
		LoadAssemblies (233ms)
		RebuildTransferFunctionScriptingTraits (0ms)
		AnalyzeDomain (19ms)
			TypeCache.Refresh (8ms)
				TypeCache.ScanAssembly (0ms)
			ScanForSourceGeneratedMonoScriptInfo (6ms)
			ResolveRequiredComponents (4ms)
	FinalizeReload (804ms)
		ReleaseScriptCaches (0ms)
		RebuildScriptCaches (0ms)
		SetupLoadedEditorAssemblies (323ms)
			LogAssemblyErrors (0ms)
			InitializePlatformSupportModulesInManaged (30ms)
			SetLoadedEditorAssemblies (4ms)
			RefreshPlugins (0ms)
			BeforeProcessingInitializeOnLoad (51ms)
			ProcessInitializeOnLoadAttributes (215ms)
			ProcessInitializeOnLoadMethodAttributes (17ms)
			AfterProcessingInitializeOnLoad (6ms)
			EditorAssembliesLoaded (0ms)
		ExecutionOrderSort2 (0ms)
		AwakeInstancesAfterBackupRestoration (6ms)
Refreshing native plugins compatible for Editor in 2.61 ms, found 3 plugins.
Preloading 0 native plugins for Editor in 0.00 ms.
Unloading 3087 Unused Serialized files (Serialized files now loaded: 0)
Unloading 22 unused Assets / (30.2 KB). Loaded Objects now: 3581.
Memory consumption went from 133.3 MB to 133.3 MB.
Total: 2.626600 ms (FindLiveObjects: 0.198600 ms CreateObjectMapping: 0.105500 ms MarkObjects: 2.275200 ms  DeleteObjects: 0.046100 ms)

Prepare: number of updated asset objects reloaded= 0
AssetImportParameters requested are different than current active one (requested -> active):
  custom:container-demuxer-ogg: 62fdf1f143b41e24485cea50d1cbac27 -> 
  custom:video-decoder-ogg-theora: a1e56fd34408186e4bbccfd4996cb3dc -> 
  custom:framework-win-MediaFoundation: 216162199b28c13a410421893ffa2e32 -> 
  custom:CustomObjectIndexerAttribute: 6d391050e5a25f67b0a2c618074f2cd9 -> 
  custom:container-demuxer-webm: 4f35f7cbe854078d1ac9338744f61a02 -> 
  custom:container-muxer-webm: aa71ff27fc2769a1b78a27578f13a17b -> 
  custom:video-decoder-webm-vp8: 9c59270c3fd7afecdb556c50c9e8de78 -> 
  custom:SearchIndexIgnoredProperties: e643bd26f0fe6173181afceb89e7c659 -> 
  custom:AudioImporter_EditorPlatform: d09bf68614088b80899f8185d706f6e7 -> 
  custom:video-encoder-webm-vp8: eb34c28f22e8b96e1ab97ce403110664 -> 
  custom:audio-decoder-ogg-vorbis: bf7c407c2cedff20999df2af8eb42d56 -> 
  custom:audio-encoder-webm-vorbis: bf7c407c2cedff20999df2af8eb42d56 -> 
========================================================================
Received Import Request.
  Time since last request: 454.847421 seconds.
  path: Assets/Plug-In's/Enviroment/enviroment/Office building/Prefabs/Action cube Prefab.prefab
  artifactKey: Guid(c3e4184bfec602f46a373f765f6c95f0) Importer(815301076,1909f56bfc062723c751e8b465ee728b)
Start importing Assets/Plug-In's/Enviroment/enviroment/Office building/Prefabs/Action cube Prefab.prefab using Guid(c3e4184bfec602f46a373f765f6c95f0) Importer(815301076,1909f56bfc062723c751e8b465ee728b)  -> (artifact id: 'c0b6592a59f00c49906c76b19261203a') in 0.086675 seconds
Number of updated asset objects reloaded before import = 0
Number of asset objects unloaded after import = 8
========================================================================
Received Import Request.
  Time since last request: 0.000017 seconds.
  path: Assets/Plug-In's/Enviroment/enviroment/Office building/Prefabs/computer mouse Prefab.prefab
  artifactKey: Guid(3ef7c60670bb53a4eb1d53dce37111c0) Importer(815301076,1909f56bfc062723c751e8b465ee728b)
Start importing Assets/Plug-In's/Enviroment/enviroment/Office building/Prefabs/computer mouse Prefab.prefab using Guid(3ef7c60670bb53a4eb1d53dce37111c0) Importer(815301076,1909f56bfc062723c751e8b465ee728b)  -> (artifact id: '536a7ef1c7419b9e44644d81876f896f') in 0.170796 seconds
Number of updated asset objects reloaded before import = 0
Number of asset objects unloaded after import = 12
========================================================================
Received Import Request.
  Time since last request: 0.000023 seconds.
  path: Assets/Plug-In's/Enviroment/enviroment/Office building/Prefabs/File box grey Prefab.prefab
  artifactKey: Guid(b4a91fe9e339e2f46bdad1200352f491) Importer(815301076,1909f56bfc062723c751e8b465ee728b)
Start importing Assets/Plug-In's/Enviroment/enviroment/Office building/Prefabs/File box grey Prefab.prefab using Guid(b4a91fe9e339e2f46bdad1200352f491) Importer(815301076,1909f56bfc062723c751e8b465ee728b)  -> (artifact id: '5817129b0cde2134059650b107fd3f52') in 0.016362 seconds
Number of updated asset objects reloaded before import = 0
Number of asset objects unloaded after import = 12
========================================================================
Received Import Request.
  Time since last request: 0.000035 seconds.
  path: Assets/Plug-In's/Enviroment/enviroment/Office building/Prefabs/Climb poles Prefab.prefab
  artifactKey: Guid(9cae3c9688e051e4fa6c097ea2d17a69) Importer(815301076,1909f56bfc062723c751e8b465ee728b)
Start importing Assets/Plug-In's/Enviroment/enviroment/Office building/Prefabs/Climb poles Prefab.prefab using Guid(9cae3c9688e051e4fa6c097ea2d17a69) Importer(815301076,1909f56bfc062723c751e8b465ee728b)  -> (artifact id: '36248106a5a87ff2a0b0d15c04026a70') in 0.017284 seconds
Number of updated asset objects reloaded before import = 0
Number of asset objects unloaded after import = 12
========================================================================
Received Import Request.
  Time since last request: 0.000023 seconds.
  path: Assets/Plug-In's/Enviroment/enviroment/Office building/Prefabs/Computer chair Prefab.prefab
  artifactKey: Guid(f9e7055c6d8701d419f91d08a8f1a41b) Importer(815301076,1909f56bfc062723c751e8b465ee728b)
Start importing Assets/Plug-In's/Enviroment/enviroment/Office building/Prefabs/Computer chair Prefab.prefab using Guid(f9e7055c6d8701d419f91d08a8f1a41b) Importer(815301076,1909f56bfc062723c751e8b465ee728b)  -> (artifact id: 'df34de0d0eed110efc83c2fd1d02340d') in 0.309007 seconds
Number of updated asset objects reloaded before import = 0
Number of asset objects unloaded after import = 12
========================================================================
Received Import Request.
  Time since last request: 0.000032 seconds.
  path: Assets/Plug-In's/Enviroment/enviroment/Office building/Prefabs/Kindergarten chair Prefab.prefab
  artifactKey: Guid(f06dcf5fd562e964b8e8bcc5537bf2fe) Importer(815301076,1909f56bfc062723c751e8b465ee728b)
Start importing Assets/Plug-In's/Enviroment/enviroment/Office building/Prefabs/Kindergarten chair Prefab.prefab using Guid(f06dcf5fd562e964b8e8bcc5537bf2fe) Importer(815301076,1909f56bfc062723c751e8b465ee728b)  -> (artifact id: '4e319d322ebe263382809dcbecb53e3b') in 0.023219 seconds
Number of updated asset objects reloaded before import = 0
Number of asset objects unloaded after import = 12
========================================================================
Received Import Request.
  Time since last request: 0.000041 seconds.
  path: Assets/Plug-In's/Enviroment/enviroment/Office building/Prefabs/Folder red prefab.prefab
  artifactKey: Guid(fbf5b725007fd0b4eb57c499977f128d) Importer(815301076,1909f56bfc062723c751e8b465ee728b)
Start importing Assets/Plug-In's/Enviroment/enviroment/Office building/Prefabs/Folder red prefab.prefab using Guid(fbf5b725007fd0b4eb57c499977f128d) Importer(815301076,1909f56bfc062723c751e8b465ee728b)  -> (artifact id: '0db037177a58e54b38a59388fdef8e29') in 0.022444 seconds
Number of updated asset objects reloaded before import = 0
Number of asset objects unloaded after import = 12
========================================================================
Received Import Request.
  Time since last request: 0.000032 seconds.
  path: Assets/Plug-In's/Enviroment/enviroment/Office building/Prefabs/Folder blue prefab.prefab
  artifactKey: Guid(ec8c1db574489b34eb3dce6755765b51) Importer(815301076,1909f56bfc062723c751e8b465ee728b)
Start importing Assets/Plug-In's/Enviroment/enviroment/Office building/Prefabs/Folder blue prefab.prefab using Guid(ec8c1db574489b34eb3dce6755765b51) Importer(815301076,1909f56bfc062723c751e8b465ee728b)  -> (artifact id: '1ad25beb0f79305f7d25189ebbcc7487') in 0.025633 seconds
Number of updated asset objects reloaded before import = 0
Number of asset objects unloaded after import = 12
========================================================================
Received Import Request.
  Time since last request: 0.000058 seconds.
  path: Assets/Plug-In's/Enviroment/enviroment/Office building/Prefabs/Kindergarten Cupboard B Prefab.prefab
  artifactKey: Guid(da44c91f93b60e34d892f29da8410ff7) Importer(815301076,1909f56bfc062723c751e8b465ee728b)
Start importing Assets/Plug-In's/Enviroment/enviroment/Office building/Prefabs/Kindergarten Cupboard B Prefab.prefab using Guid(da44c91f93b60e34d892f29da8410ff7) Importer(815301076,1909f56bfc062723c751e8b465ee728b)  -> (artifact id: '39b4d10a91a34e56a85fc4631ba9c3ec') in 0.023403 seconds
Number of updated asset objects reloaded before import = 0
Number of asset objects unloaded after import = 12
========================================================================
Received Import Request.
  Time since last request: 0.000027 seconds.
  path: Assets/Plug-In's/Enviroment/enviroment/Office building/Prefabs/Clock Prefab.prefab
  artifactKey: Guid(f95eb02e4b4e8cc42938637d6ff3c02b) Importer(815301076,1909f56bfc062723c751e8b465ee728b)
Start importing Assets/Plug-In's/Enviroment/enviroment/Office building/Prefabs/Clock Prefab.prefab using Guid(f95eb02e4b4e8cc42938637d6ff3c02b) Importer(815301076,1909f56bfc062723c751e8b465ee728b)  -> (artifact id: 'c6b1f550f292d1cd4a8a564874b263d1') in 0.020820 seconds
Number of updated asset objects reloaded before import = 0
Number of asset objects unloaded after import = 12
========================================================================
Received Import Request.
  Time since last request: 0.000037 seconds.
  path: Assets/Plug-In's/Enviroment/enviroment/Office building/Prefabs/Cupboard Prefab.prefab
  artifactKey: Guid(4eba7747850446642b66b7de50916792) Importer(815301076,1909f56bfc062723c751e8b465ee728b)
Start importing Assets/Plug-In's/Enviroment/enviroment/Office building/Prefabs/Cupboard Prefab.prefab using Guid(4eba7747850446642b66b7de50916792) Importer(815301076,1909f56bfc062723c751e8b465ee728b)  -> (artifact id: '3c461534427fa7ff2ebe95f71d70ead8') in 0.017143 seconds
Number of updated asset objects reloaded before import = 0
Number of asset objects unloaded after import = 12
========================================================================
Received Import Request.
  Time since last request: 0.458021 seconds.
  path: Assets/Plug-In's/Enviroment/enviroment/Office building/Prefabs/Kindergarten table Prefab.prefab
  artifactKey: Guid(5e579841623758e4b88852a225697a9d) Importer(815301076,1909f56bfc062723c751e8b465ee728b)
Start importing Assets/Plug-In's/Enviroment/enviroment/Office building/Prefabs/Kindergarten table Prefab.prefab using Guid(5e579841623758e4b88852a225697a9d) Importer(815301076,1909f56bfc062723c751e8b465ee728b)  -> (artifact id: '8f9afe501d493dbeb1cba118c1798f45') in 0.019762 seconds
Number of updated asset objects reloaded before import = 0
Number of asset objects unloaded after import = 12
========================================================================
Received Import Request.
  Time since last request: 0.000026 seconds.
  path: Assets/Plug-In's/Enviroment/enviroment/Office building/Prefabs/Kitchen Chair Prefab.prefab
  artifactKey: Guid(aa7a4ca48de4e4f4f816f5592dbbca1d) Importer(815301076,1909f56bfc062723c751e8b465ee728b)
Start importing Assets/Plug-In's/Enviroment/enviroment/Office building/Prefabs/Kitchen Chair Prefab.prefab using Guid(aa7a4ca48de4e4f4f816f5592dbbca1d) Importer(815301076,1909f56bfc062723c751e8b465ee728b)  -> (artifact id: 'bd80d4d2a5681bd20d8b1287f1a0b5b3') in 0.019991 seconds
Number of updated asset objects reloaded before import = 0
Number of asset objects unloaded after import = 12
========================================================================
Received Import Request.
  Time since last request: 0.226734 seconds.
  path: Assets/Plug-In's/Enviroment/enviroment/Office building/Prefabs/Kitchen sink Prefab.prefab
  artifactKey: Guid(9625900181000eb44ac38b70b0b4dfbc) Importer(815301076,1909f56bfc062723c751e8b465ee728b)
Start importing Assets/Plug-In's/Enviroment/enviroment/Office building/Prefabs/Kitchen sink Prefab.prefab using Guid(9625900181000eb44ac38b70b0b4dfbc) Importer(815301076,1909f56bfc062723c751e8b465ee728b)  -> (artifact id: '4889130424970f919cebb4d2192af6dc') in 0.018881 seconds
Number of updated asset objects reloaded before import = 0
Number of asset objects unloaded after import = 12
========================================================================
Received Import Request.
  Time since last request: 0.000020 seconds.
  path: Assets/Plug-In's/Enviroment/enviroment/Office building/Prefabs/Kitchen Table B Prefab.prefab
  artifactKey: Guid(089237fd08f11db42ab1767dcdf3b0b8) Importer(815301076,1909f56bfc062723c751e8b465ee728b)
Start importing Assets/Plug-In's/Enviroment/enviroment/Office building/Prefabs/Kitchen Table B Prefab.prefab using Guid(089237fd08f11db42ab1767dcdf3b0b8) Importer(815301076,1909f56bfc062723c751e8b465ee728b)  -> (artifact id: 'c58f63bedc69fb4d9d069df7df928282') in 0.019314 seconds
Number of updated asset objects reloaded before import = 0
Number of asset objects unloaded after import = 12
========================================================================
Received Import Request.
  Time since last request: 0.011889 seconds.
  path: Assets/Plug-In's/Enviroment/enviroment/Office building/Prefabs/Lamp B Prefab.prefab
  artifactKey: Guid(68ded745d66b56e47a0d9f8bab900b1b) Importer(815301076,1909f56bfc062723c751e8b465ee728b)
Start importing Assets/Plug-In's/Enviroment/enviroment/Office building/Prefabs/Lamp B Prefab.prefab using Guid(68ded745d66b56e47a0d9f8bab900b1b) Importer(815301076,1909f56bfc062723c751e8b465ee728b)  -> (artifact id: '16513325dd3593344a9fb5f354a21e86') in 0.019600 seconds
Number of updated asset objects reloaded before import = 0
Number of asset objects unloaded after import = 16
========================================================================
Received Import Request.
  Time since last request: 0.000020 seconds.
  path: Assets/Plug-In's/Enviroment/enviroment/Office building/Prefabs/Little cactus 1 Prefab.prefab
  artifactKey: Guid(2ff73ca776b2c2241834c15caef9521d) Importer(815301076,1909f56bfc062723c751e8b465ee728b)
Start importing Assets/Plug-In's/Enviroment/enviroment/Office building/Prefabs/Little cactus 1 Prefab.prefab using Guid(2ff73ca776b2c2241834c15caef9521d) Importer(815301076,1909f56bfc062723c751e8b465ee728b)  -> (artifact id: 'bbcfaf41156b940b21bac0bc740d9e46') in 0.013629 seconds
Number of updated asset objects reloaded before import = 0
Number of asset objects unloaded after import = 12
========================================================================
Received Import Request.
  Time since last request: 0.000021 seconds.
  path: Assets/Plug-In's/Enviroment/enviroment/Office building/Prefabs/Locker Prefab.prefab
  artifactKey: Guid(389090492d551b942b78aac876151bf4) Importer(815301076,1909f56bfc062723c751e8b465ee728b)
Start importing Assets/Plug-In's/Enviroment/enviroment/Office building/Prefabs/Locker Prefab.prefab using Guid(389090492d551b942b78aac876151bf4) Importer(815301076,1909f56bfc062723c751e8b465ee728b)  -> (artifact id: 'af9244a24e902fc1ea5b277058a97cdf') in 0.014654 seconds
Number of updated asset objects reloaded before import = 0
Number of asset objects unloaded after import = 12
========================================================================
Received Import Request.
  Time since last request: 0.000028 seconds.
  path: Assets/Plug-In's/Enviroment/enviroment/Office building/Prefabs/lobby table Prefab.prefab
  artifactKey: Guid(fa09ba391c7201c49b534ca1e0e4a7c1) Importer(815301076,1909f56bfc062723c751e8b465ee728b)
Start importing Assets/Plug-In's/Enviroment/enviroment/Office building/Prefabs/lobby table Prefab.prefab using Guid(fa09ba391c7201c49b534ca1e0e4a7c1) Importer(815301076,1909f56bfc062723c751e8b465ee728b)  -> (artifact id: '2685ae91382150793ec87289351268c4') in 0.256116 seconds
Number of updated asset objects reloaded before import = 0
Number of asset objects unloaded after import = 19
========================================================================
Received Import Request.
  Time since last request: 0.000020 seconds.
  path: Assets/Plug-In's/Enviroment/enviroment/Office building/Prefabs/Pen holder Prefab.prefab
  artifactKey: Guid(91ca78bf8be64314ab883fa8eda91dcf) Importer(815301076,1909f56bfc062723c751e8b465ee728b)
Start importing Assets/Plug-In's/Enviroment/enviroment/Office building/Prefabs/Pen holder Prefab.prefab using Guid(91ca78bf8be64314ab883fa8eda91dcf) Importer(815301076,1909f56bfc062723c751e8b465ee728b)  -> (artifact id: 'fff54728fb1e861b1dac2957894ad468') in 0.017735 seconds
Number of updated asset objects reloaded before import = 0
Number of asset objects unloaded after import = 12
========================================================================
Received Import Request.
  Time since last request: 0.000031 seconds.
  path: Assets/Plug-In's/Enviroment/enviroment/Office building/Prefabs/plant 1 Prefab.prefab
  artifactKey: Guid(ebb3fb0024366fa48b1a54ce15e27f7e) Importer(815301076,1909f56bfc062723c751e8b465ee728b)
Start importing Assets/Plug-In's/Enviroment/enviroment/Office building/Prefabs/plant 1 Prefab.prefab using Guid(ebb3fb0024366fa48b1a54ce15e27f7e) Importer(815301076,1909f56bfc062723c751e8b465ee728b)  -> (artifact id: '680d9514f2be849779b19bb12e6e5950') in 0.017964 seconds
Number of updated asset objects reloaded before import = 0
Number of asset objects unloaded after import = 17
========================================================================
Received Import Request.
  Time since last request: 0.000021 seconds.
  path: Assets/Plug-In's/Enviroment/enviroment/Office building/Prefabs/Securety desk Prefab.prefab
  artifactKey: Guid(4d201199ac968b44084b76f5fa59d1fb) Importer(815301076,1909f56bfc062723c751e8b465ee728b)
Start importing Assets/Plug-In's/Enviroment/enviroment/Office building/Prefabs/Securety desk Prefab.prefab using Guid(4d201199ac968b44084b76f5fa59d1fb) Importer(815301076,1909f56bfc062723c751e8b465ee728b)  -> (artifact id: 'd740615112f1420f06677eda8e1e084c') in 0.024781 seconds
Number of updated asset objects reloaded before import = 0
Number of asset objects unloaded after import = 13
========================================================================
Received Import Request.
  Time since last request: 0.000025 seconds.
  path: Assets/Plug-In's/Enviroment/enviroment/Office building/Prefabs/paper Prefab.prefab
  artifactKey: Guid(f8ec7b4856b8eb747ab5935cec767b15) Importer(815301076,1909f56bfc062723c751e8b465ee728b)
Start importing Assets/Plug-In's/Enviroment/enviroment/Office building/Prefabs/paper Prefab.prefab using Guid(f8ec7b4856b8eb747ab5935cec767b15) Importer(815301076,1909f56bfc062723c751e8b465ee728b)  -> (artifact id: 'e9c674c6e234ff3b52500d02252b4d8d') in 0.015204 seconds
Number of updated asset objects reloaded before import = 0
Number of asset objects unloaded after import = 11
========================================================================
Received Import Request.
  Time since last request: 0.000024 seconds.
  path: Assets/Plug-In's/Enviroment/enviroment/Office building/Prefabs/Storage box red prefab.prefab
  artifactKey: Guid(d155e6b1b5bb6ee4ab0dd45db69cb41f) Importer(815301076,1909f56bfc062723c751e8b465ee728b)
Start importing Assets/Plug-In's/Enviroment/enviroment/Office building/Prefabs/Storage box red prefab.prefab using Guid(d155e6b1b5bb6ee4ab0dd45db69cb41f) Importer(815301076,1909f56bfc062723c751e8b465ee728b)  -> (artifact id: '069cb112100d49cccd336e28f9ea5199') in 0.019510 seconds
Number of updated asset objects reloaded before import = 0
Number of asset objects unloaded after import = 12
========================================================================
Received Import Request.
  Time since last request: 0.000020 seconds.
  path: Assets/Plug-In's/Enviroment/enviroment/Office building/Prefabs/Storage box blue Prefab.prefab
  artifactKey: Guid(7984ca01ffe708d49a738dc0585ed911) Importer(815301076,1909f56bfc062723c751e8b465ee728b)
Start importing Assets/Plug-In's/Enviroment/enviroment/Office building/Prefabs/Storage box blue Prefab.prefab using Guid(7984ca01ffe708d49a738dc0585ed911) Importer(815301076,1909f56bfc062723c751e8b465ee728b)  -> (artifact id: '406c021bfbd3c7d7bc827e9317b60a2c') in 0.015853 seconds
Number of updated asset objects reloaded before import = 0
Number of asset objects unloaded after import = 12
========================================================================
Received Import Request.
  Time since last request: 0.000022 seconds.
  path: Assets/Plug-In's/Enviroment/enviroment/Office building/Prefabs/Urinal wall Prefab.prefab
  artifactKey: Guid(b980d31c849c0eb4089769e93017a643) Importer(815301076,1909f56bfc062723c751e8b465ee728b)
Start importing Assets/Plug-In's/Enviroment/enviroment/Office building/Prefabs/Urinal wall Prefab.prefab using Guid(b980d31c849c0eb4089769e93017a643) Importer(815301076,1909f56bfc062723c751e8b465ee728b)  -> (artifact id: '8a05e33952e8abd8ebbdd7bfe2d48e26') in 0.016774 seconds
Number of updated asset objects reloaded before import = 0
Number of asset objects unloaded after import = 12
========================================================================
Received Import Request.
  Time since last request: 0.000034 seconds.
  path: Assets/Plug-In's/Enviroment/enviroment/Office building/Prefabs/Toilet Prefab.prefab
  artifactKey: Guid(d5b80a7f12599104087095e8c5f6baf1) Importer(815301076,1909f56bfc062723c751e8b465ee728b)
Start importing Assets/Plug-In's/Enviroment/enviroment/Office building/Prefabs/Toilet Prefab.prefab using Guid(d5b80a7f12599104087095e8c5f6baf1) Importer(815301076,1909f56bfc062723c751e8b465ee728b)  -> (artifact id: '46726fb96218c839a70ecf2e3289e74d') in 0.017934 seconds
Number of updated asset objects reloaded before import = 0
Number of asset objects unloaded after import = 24
========================================================================
Received Import Request.
  Time since last request: 0.000024 seconds.
  path: Assets/Plug-In's/Enviroment/enviroment/Office building/Prefabs/Window Prefab.prefab
  artifactKey: Guid(825e92f1e5b55c745a191cc0957d5458) Importer(815301076,1909f56bfc062723c751e8b465ee728b)
Start importing Assets/Plug-In's/Enviroment/enviroment/Office building/Prefabs/Window Prefab.prefab using Guid(825e92f1e5b55c745a191cc0957d5458) Importer(815301076,1909f56bfc062723c751e8b465ee728b)  -> (artifact id: '28b916b6d7a443e058c05fff7c0bb57f') in 0.014245 seconds
Number of updated asset objects reloaded before import = 0
Number of asset objects unloaded after import = 9
========================================================================
Received Import Request.
  Time since last request: 0.000017 seconds.
  path: Assets/Plug-In's/Enviroment/enviroment/Office building/Prefabs/Trash bin Prefab.prefab
  artifactKey: Guid(4e0bc8274a648084d99f2c41d46f9a52) Importer(815301076,1909f56bfc062723c751e8b465ee728b)
Start importing Assets/Plug-In's/Enviroment/enviroment/Office building/Prefabs/Trash bin Prefab.prefab using Guid(4e0bc8274a648084d99f2c41d46f9a52) Importer(815301076,1909f56bfc062723c751e8b465ee728b)  -> (artifact id: 'b7ba2486351dd33d55bbf520d7cfb73f') in 0.012608 seconds
Number of updated asset objects reloaded before import = 0
Number of asset objects unloaded after import = 12
========================================================================
Received Import Request.
  Time since last request: 0.000015 seconds.
  path: Assets/Plug-In's/Enviroment/enviroment/Office building/Prefabs/partition wall Prefab.prefab
  artifactKey: Guid(5df6ef8249eb44e43a04db3cf2824564) Importer(815301076,1909f56bfc062723c751e8b465ee728b)
Start importing Assets/Plug-In's/Enviroment/enviroment/Office building/Prefabs/partition wall Prefab.prefab using Guid(5df6ef8249eb44e43a04db3cf2824564) Importer(815301076,1909f56bfc062723c751e8b465ee728b)  -> (artifact id: '035a993bb700151a71d072a57f26cb76') in 0.018166 seconds
Number of updated asset objects reloaded before import = 0
Number of asset objects unloaded after import = 12
========================================================================
Received Import Request.
  Time since last request: 0.000020 seconds.
  path: Assets/Plug-In's/Enviroment/enviroment/Office building/Prefabs/phone Prefab.prefab
  artifactKey: Guid(9c87ff614b3962b4baebe14ed39cde94) Importer(815301076,1909f56bfc062723c751e8b465ee728b)
Start importing Assets/Plug-In's/Enviroment/enviroment/Office building/Prefabs/phone Prefab.prefab using Guid(9c87ff614b3962b4baebe14ed39cde94) Importer(815301076,1909f56bfc062723c751e8b465ee728b)  -> (artifact id: 'a17ff485524356bc153d31a30cda8286') in 0.015722 seconds
Number of updated asset objects reloaded before import = 0
Number of asset objects unloaded after import = 12
========================================================================
Received Import Request.
  Time since last request: 0.000027 seconds.
  path: Assets/Plug-In's/Enviroment/enviroment/Office building/Prefabs/Office table Prefab.prefab
  artifactKey: Guid(003f91c8f9aa7d84fa7a00b552f9144a) Importer(815301076,1909f56bfc062723c751e8b465ee728b)
Start importing Assets/Plug-In's/Enviroment/enviroment/Office building/Prefabs/Office table Prefab.prefab using Guid(003f91c8f9aa7d84fa7a00b552f9144a) Importer(815301076,1909f56bfc062723c751e8b465ee728b)  -> (artifact id: '971acd00c15227412c142f828a7170b6') in 0.014007 seconds
Number of updated asset objects reloaded before import = 0
Number of asset objects unloaded after import = 12
========================================================================
Received Import Request.
  Time since last request: 0.000018 seconds.
  path: Assets/Plug-In's/Enviroment/enviroment/Office building/Prefabs/shelving A prefab.prefab
  artifactKey: Guid(382313487c565f14a87f1d0eb5501713) Importer(815301076,1909f56bfc062723c751e8b465ee728b)
Start importing Assets/Plug-In's/Enviroment/enviroment/Office building/Prefabs/shelving A prefab.prefab using Guid(382313487c565f14a87f1d0eb5501713) Importer(815301076,1909f56bfc062723c751e8b465ee728b)  -> (artifact id: '5b8120712405f666262c373b086412fa') in 0.018682 seconds
Number of updated asset objects reloaded before import = 0
Number of asset objects unloaded after import = 12
========================================================================
Received Import Request.
  Time since last request: 0.000063 seconds.
  path: Assets/Plug-In's/Enviroment/enviroment/Office building/Prefabs/paper box prefab.prefab
  artifactKey: Guid(d7f6436fd43ddf442bf1f97390eb70a5) Importer(815301076,1909f56bfc062723c751e8b465ee728b)
Start importing Assets/Plug-In's/Enviroment/enviroment/Office building/Prefabs/paper box prefab.prefab using Guid(d7f6436fd43ddf442bf1f97390eb70a5) Importer(815301076,1909f56bfc062723c751e8b465ee728b)  -> (artifact id: '366e4a324feaea6f3f2adbfd06a5d7c3') in 0.020291 seconds
Number of updated asset objects reloaded before import = 0
Number of asset objects unloaded after import = 12
========================================================================
Received Import Request.
  Time since last request: 0.000028 seconds.
  path: Assets/Plug-In's/Enviroment/enviroment/Office building/Prefabs/table B Prefab.prefab
  artifactKey: Guid(54b07283592fc8e45a857de30c6fac3f) Importer(815301076,1909f56bfc062723c751e8b465ee728b)
Start importing Assets/Plug-In's/Enviroment/enviroment/Office building/Prefabs/table B Prefab.prefab using Guid(54b07283592fc8e45a857de30c6fac3f) Importer(815301076,1909f56bfc062723c751e8b465ee728b)  -> (artifact id: '7cf72fccde2d036f0d2506b735a3797f') in 0.020310 seconds
Number of updated asset objects reloaded before import = 0
Number of asset objects unloaded after import = 12
========================================================================
Received Import Request.
  Time since last request: 0.000031 seconds.
  path: Assets/Plug-In's/Enviroment/enviroment/Office building/Prefabs/Noteblock Prefab.prefab
  artifactKey: Guid(ff8234404b4936646a8c285cafb4e648) Importer(815301076,1909f56bfc062723c751e8b465ee728b)
Start importing Assets/Plug-In's/Enviroment/enviroment/Office building/Prefabs/Noteblock Prefab.prefab using Guid(ff8234404b4936646a8c285cafb4e648) Importer(815301076,1909f56bfc062723c751e8b465ee728b)  -> (artifact id: '6d96cdb04c79f53f16e1320de51a211c') in 0.016601 seconds
Number of updated asset objects reloaded before import = 0
Number of asset objects unloaded after import = 12
========================================================================
Received Import Request.
  Time since last request: 0.000023 seconds.
  path: Assets/Plug-In's/Enviroment/enviroment/Office building/Prefabs/Office chair Prefab.prefab
  artifactKey: Guid(c1e5af2ff42787c4da9691a81d25269e) Importer(815301076,1909f56bfc062723c751e8b465ee728b)
Start importing Assets/Plug-In's/Enviroment/enviroment/Office building/Prefabs/Office chair Prefab.prefab using Guid(c1e5af2ff42787c4da9691a81d25269e) Importer(815301076,1909f56bfc062723c751e8b465ee728b)  -> (artifact id: '07a3bbeda391f370fa1c8ba410556d2b') in 0.019817 seconds
Number of updated asset objects reloaded before import = 0
Number of asset objects unloaded after import = 12
========================================================================
Received Import Request.
  Time since last request: 0.000049 seconds.
  path: Assets/Plug-In's/Enviroment/enviroment/Office building/Prefabs/Toilet paper prefab.prefab
  artifactKey: Guid(76d25017ebdd9e34e95ab02752c7b1ad) Importer(815301076,1909f56bfc062723c751e8b465ee728b)
Start importing Assets/Plug-In's/Enviroment/enviroment/Office building/Prefabs/Toilet paper prefab.prefab using Guid(76d25017ebdd9e34e95ab02752c7b1ad) Importer(815301076,1909f56bfc062723c751e8b465ee728b)  -> (artifact id: '706ba06ed07ed404eeae2742a88d8735') in 0.020080 seconds
Number of updated asset objects reloaded before import = 0
Number of asset objects unloaded after import = 17
========================================================================
Received Import Request.
  Time since last request: 0.000022 seconds.
  path: Assets/Plug-In's/Enviroment/enviroment/Office building/Prefabs/Metal cupboard Prefab.prefab
  artifactKey: Guid(807f5c2ba3781b842bf272cf8b1939ae) Importer(815301076,1909f56bfc062723c751e8b465ee728b)
Start importing Assets/Plug-In's/Enviroment/enviroment/Office building/Prefabs/Metal cupboard Prefab.prefab using Guid(807f5c2ba3781b842bf272cf8b1939ae) Importer(815301076,1909f56bfc062723c751e8b465ee728b)  -> (artifact id: 'b466bdd51cc84dcc81ee593489b238a2') in 0.020962 seconds
Number of updated asset objects reloaded before import = 0
Number of asset objects unloaded after import = 12
========================================================================
Received Import Request.
  Time since last request: 0.000016 seconds.
  path: Assets/Plug-In's/Enviroment/enviroment/Office building/Prefabs/Storage sign Prefab.prefab
  artifactKey: Guid(731e7a769243e0e438355e5d96f2b365) Importer(815301076,1909f56bfc062723c751e8b465ee728b)
Start importing Assets/Plug-In's/Enviroment/enviroment/Office building/Prefabs/Storage sign Prefab.prefab using Guid(731e7a769243e0e438355e5d96f2b365) Importer(815301076,1909f56bfc062723c751e8b465ee728b)  -> (artifact id: 'c3057202e8946aeeed3920b8e2904bb9') in 0.018447 seconds
Number of updated asset objects reloaded before import = 0
Number of asset objects unloaded after import = 12
========================================================================
Received Import Request.
  Time since last request: 0.000067 seconds.
  path: Assets/Plug-In's/Enviroment/enviroment/Office building/Prefabs/water dispenser prefab.prefab
  artifactKey: Guid(aa937497f8053b449b8c7563868401e1) Importer(815301076,1909f56bfc062723c751e8b465ee728b)
Start importing Assets/Plug-In's/Enviroment/enviroment/Office building/Prefabs/water dispenser prefab.prefab using Guid(aa937497f8053b449b8c7563868401e1) Importer(815301076,1909f56bfc062723c751e8b465ee728b)  -> (artifact id: 'a271a91af4bc26593909f210856d93ed') in 0.020016 seconds
Number of updated asset objects reloaded before import = 0
Number of asset objects unloaded after import = 22
========================================================================
Received Import Request.
  Time since last request: 0.000024 seconds.
  path: Assets/Plug-In's/Enviroment/enviroment/Office building/Prefabs/Printer A prefab.prefab
  artifactKey: Guid(376d9b5720043db4e869a7ef729a88a0) Importer(815301076,1909f56bfc062723c751e8b465ee728b)
Start importing Assets/Plug-In's/Enviroment/enviroment/Office building/Prefabs/Printer A prefab.prefab using Guid(376d9b5720043db4e869a7ef729a88a0) Importer(815301076,1909f56bfc062723c751e8b465ee728b)  -> (artifact id: '1c71d2495c94b43243d65a89d25ee76d') in 0.020862 seconds
Number of updated asset objects reloaded before import = 0
Number of asset objects unloaded after import = 12
========================================================================
Received Import Request.
  Time since last request: 0.000032 seconds.
  path: Assets/Plug-In's/Enviroment/enviroment/Office building/Prefabs/Table Prefab.prefab
  artifactKey: Guid(522b38699cfba0647824ba6d7d12884a) Importer(815301076,1909f56bfc062723c751e8b465ee728b)
Start importing Assets/Plug-In's/Enviroment/enviroment/Office building/Prefabs/Table Prefab.prefab using Guid(522b38699cfba0647824ba6d7d12884a) Importer(815301076,1909f56bfc062723c751e8b465ee728b)  -> (artifact id: '12acdf1a4a3cda08b54b3356b62c6849') in 0.020493 seconds
Number of updated asset objects reloaded before import = 0
Number of asset objects unloaded after import = 12
========================================================================
Received Import Request.
  Time since last request: 0.000049 seconds.
  path: Assets/Plug-In's/Enviroment/enviroment/Office building/Prefabs/Toilet cabine Prefab.prefab
  artifactKey: Guid(14f4f8b01b4d437489dd51800622e198) Importer(815301076,1909f56bfc062723c751e8b465ee728b)
Start importing Assets/Plug-In's/Enviroment/enviroment/Office building/Prefabs/Toilet cabine Prefab.prefab using Guid(14f4f8b01b4d437489dd51800622e198) Importer(815301076,1909f56bfc062723c751e8b465ee728b)  -> (artifact id: 'c035e417dd43bdd6d85b176a662c68d7') in 0.026971 seconds
Number of updated asset objects reloaded before import = 0
Number of asset objects unloaded after import = 47
========================================================================
Received Import Request.
  Time since last request: 0.000038 seconds.
  path: Assets/Plug-In's/Enviroment/enviroment/Office building/Prefabs/Phone B Prefab.prefab
  artifactKey: Guid(8b26c8f91a9e9924198c42094bd268fb) Importer(815301076,1909f56bfc062723c751e8b465ee728b)
Start importing Assets/Plug-In's/Enviroment/enviroment/Office building/Prefabs/Phone B Prefab.prefab using Guid(8b26c8f91a9e9924198c42094bd268fb) Importer(815301076,1909f56bfc062723c751e8b465ee728b)  -> (artifact id: '307a9a3f8f0d63ea44cca42391e8feac') in 0.021652 seconds
Number of updated asset objects reloaded before import = 0
Number of asset objects unloaded after import = 12
========================================================================
Received Import Request.
  Time since last request: 0.000029 seconds.
  path: Assets/Plug-In's/Enviroment/enviroment/Office building/Prefabs/Toilet sign Prefab.prefab
  artifactKey: Guid(60703c96bc9c6524ab54de501c41d6a1) Importer(815301076,1909f56bfc062723c751e8b465ee728b)
Start importing Assets/Plug-In's/Enviroment/enviroment/Office building/Prefabs/Toilet sign Prefab.prefab using Guid(60703c96bc9c6524ab54de501c41d6a1) Importer(815301076,1909f56bfc062723c751e8b465ee728b)  -> (artifact id: '2ceab9634c31ca31017bb79a3d1578c4') in 0.020046 seconds
Number of updated asset objects reloaded before import = 0
Number of asset objects unloaded after import = 11
========================================================================
Received Import Request.
  Time since last request: 0.000025 seconds.
  path: Assets/Plug-In's/Enviroment/enviroment/Office building/Prefabs/Storage box grey prefab.prefab
  artifactKey: Guid(2d613286f37c7964b8998d01106aad6a) Importer(815301076,1909f56bfc062723c751e8b465ee728b)
Start importing Assets/Plug-In's/Enviroment/enviroment/Office building/Prefabs/Storage box grey prefab.prefab using Guid(2d613286f37c7964b8998d01106aad6a) Importer(815301076,1909f56bfc062723c751e8b465ee728b)  -> (artifact id: '33c423a332263a74e2bbbf87309d246e') in 0.020582 seconds
Number of updated asset objects reloaded before import = 0
Number of asset objects unloaded after import = 12
========================================================================
Received Import Request.
  Time since last request: 0.000043 seconds.
  path: Assets/Plug-In's/Enviroment/enviroment/Office building/Prefabs/Plant 2 prefab.prefab
  artifactKey: Guid(c7e13309d6fe92b44aeae0c3ce40fab7) Importer(815301076,1909f56bfc062723c751e8b465ee728b)
Start importing Assets/Plug-In's/Enviroment/enviroment/Office building/Prefabs/Plant 2 prefab.prefab using Guid(c7e13309d6fe92b44aeae0c3ce40fab7) Importer(815301076,1909f56bfc062723c751e8b465ee728b)  -> (artifact id: '85b90b70c19efa04132819b83e0f3581') in 0.017710 seconds
Number of updated asset objects reloaded before import = 0
Number of asset objects unloaded after import = 17
========================================================================
Received Import Request.
  Time since last request: 0.000017 seconds.
  path: Assets/Plug-In's/Enviroment/enviroment/Office building/Prefabs/Office chair.001 Prefab.prefab
  artifactKey: Guid(4b4f09798bc92114e8a7b2feb68396fa) Importer(815301076,1909f56bfc062723c751e8b465ee728b)
Start importing Assets/Plug-In's/Enviroment/enviroment/Office building/Prefabs/Office chair.001 Prefab.prefab using Guid(4b4f09798bc92114e8a7b2feb68396fa) Importer(815301076,1909f56bfc062723c751e8b465ee728b)  -> (artifact id: '3fe1c3318e8c5db502ec38ac521618e7') in 0.017777 seconds
Number of updated asset objects reloaded before import = 0
Number of asset objects unloaded after import = 12
========================================================================
Received Import Request.
  Time since last request: 0.000035 seconds.
  path: Assets/Plug-In's/Enviroment/enviroment/Office building/Prefabs/urinal prefab.prefab
  artifactKey: Guid(10c87984ebe07d049b0c3e98d260e17b) Importer(815301076,1909f56bfc062723c751e8b465ee728b)
Start importing Assets/Plug-In's/Enviroment/enviroment/Office building/Prefabs/urinal prefab.prefab using Guid(10c87984ebe07d049b0c3e98d260e17b) Importer(815301076,1909f56bfc062723c751e8b465ee728b)  -> (artifact id: 'a2657a94d0e3fd5d18a772b13248dbbd') in 0.016646 seconds
Number of updated asset objects reloaded before import = 0
Number of asset objects unloaded after import = 12
========================================================================
Received Import Request.
  Time since last request: 0.000028 seconds.
  path: Assets/Plug-In's/Enviroment/enviroment/Office building/Prefabs/Sink Prefab.prefab
  artifactKey: Guid(b1295682df892f4458bfeed5b1cc271f) Importer(815301076,1909f56bfc062723c751e8b465ee728b)
Start importing Assets/Plug-In's/Enviroment/enviroment/Office building/Prefabs/Sink Prefab.prefab using Guid(b1295682df892f4458bfeed5b1cc271f) Importer(815301076,1909f56bfc062723c751e8b465ee728b)  -> (artifact id: 'abf7416f1e7310ddcf80a17f4dbfaad5') in 0.012533 seconds
Number of updated asset objects reloaded before import = 0
Number of asset objects unloaded after import = 12
========================================================================
Received Import Request.
  Time since last request: 0.000014 seconds.
  path: Assets/Plug-In's/Enviroment/enviroment/Office building/Prefabs/Sign securety only Prefab.prefab
  artifactKey: Guid(2e78930ef070a334990dba032ebe04a1) Importer(815301076,1909f56bfc062723c751e8b465ee728b)
Start importing Assets/Plug-In's/Enviroment/enviroment/Office building/Prefabs/Sign securety only Prefab.prefab using Guid(2e78930ef070a334990dba032ebe04a1) Importer(815301076,1909f56bfc062723c751e8b465ee728b)  -> (artifact id: 'bacc2811372b2ba7f515ad18ec8b92ec') in 0.011549 seconds
Number of updated asset objects reloaded before import = 0
Number of asset objects unloaded after import = 12
========================================================================
Received Import Request.
  Time since last request: 0.000017 seconds.
  path: Assets/Plug-In's/Enviroment/enviroment/Office building/Prefabs/Server Prefab.prefab
  artifactKey: Guid(e25d9c5ca2c4d0b4fb0affe0be480238) Importer(815301076,1909f56bfc062723c751e8b465ee728b)
Start importing Assets/Plug-In's/Enviroment/enviroment/Office building/Prefabs/Server Prefab.prefab using Guid(e25d9c5ca2c4d0b4fb0affe0be480238) Importer(815301076,1909f56bfc062723c751e8b465ee728b)  -> (artifact id: '972be8155f172b74223c5ba51ef24454') in 0.012243 seconds
Number of updated asset objects reloaded before import = 0
Number of asset objects unloaded after import = 39
========================================================================
Received Import Request.
  Time since last request: 0.000016 seconds.
  path: Assets/Plug-In's/Enviroment/enviroment/Office building/Prefabs/Plant 3 Prefab.prefab
  artifactKey: Guid(bb4ac9382c724a74b9dd82d157a42bbc) Importer(815301076,1909f56bfc062723c751e8b465ee728b)
Start importing Assets/Plug-In's/Enviroment/enviroment/Office building/Prefabs/Plant 3 Prefab.prefab using Guid(bb4ac9382c724a74b9dd82d157a42bbc) Importer(815301076,1909f56bfc062723c751e8b465ee728b)  -> (artifact id: 'a4452e84266b047bffb20ecbcffe3a06') in 0.011886 seconds
Number of updated asset objects reloaded before import = 0
Number of asset objects unloaded after import = 29
========================================================================
Received Import Request.
  Time since last request: 0.000018 seconds.
  path: Assets/Plug-In's/Enviroment/enviroment/Office building/Prefabs/mattress Prefab.prefab
  artifactKey: Guid(7a91100f34a8ab84aaa1a2fb0014324d) Importer(815301076,1909f56bfc062723c751e8b465ee728b)
Start importing Assets/Plug-In's/Enviroment/enviroment/Office building/Prefabs/mattress Prefab.prefab using Guid(7a91100f34a8ab84aaa1a2fb0014324d) Importer(815301076,1909f56bfc062723c751e8b465ee728b)  -> (artifact id: '2690d75571dec8f0cfbeb4ecdaa3a832') in 0.010923 seconds
Number of updated asset objects reloaded before import = 0
Number of asset objects unloaded after import = 12
========================================================================
Received Import Request.
  Time since last request: 7.065106 seconds.
  path: Assets/Plug-In's/Enviroment/enviroment/Office building/meshes/Clock.fbx
  artifactKey: Guid(8e0070b5b411d204a804fff8e62d694e) Importer(815301076,1909f56bfc062723c751e8b465ee728b)
Start importing Assets/Plug-In's/Enviroment/enviroment/Office building/meshes/Clock.fbx using Guid(8e0070b5b411d204a804fff8e62d694e) Importer(815301076,1909f56bfc062723c751e8b465ee728b)  -> (artifact id: 'acad65d6b5e9f04c97e371c0eae81427') in 0.050247 seconds
Number of updated asset objects reloaded before import = 0
Number of asset objects unloaded after import = 9
========================================================================
Received Import Request.
  Time since last request: 0.000019 seconds.
  path: Assets/Plug-In's/Enviroment/enviroment/Office building/meshes/plant 1.fbx
  artifactKey: Guid(014003b3893dd5e4a98bfdcdd268764d) Importer(815301076,1909f56bfc062723c751e8b465ee728b)
Start importing Assets/Plug-In's/Enviroment/enviroment/Office building/meshes/plant 1.fbx using Guid(014003b3893dd5e4a98bfdcdd268764d) Importer(815301076,1909f56bfc062723c751e8b465ee728b)  -> (artifact id: '19d77b31554d05d7599147cc982a1fad') in 0.034620 seconds
Number of updated asset objects reloaded before import = 0
Number of asset objects unloaded after import = 9
========================================================================
Received Import Request.
  Time since last request: 0.000018 seconds.
  path: Assets/Plug-In's/Enviroment/enviroment/Office building/meshes/Noteblock.fbx
  artifactKey: Guid(2ca852ab7cfc026498325cc246a83f56) Importer(815301076,1909f56bfc062723c751e8b465ee728b)
Start importing Assets/Plug-In's/Enviroment/enviroment/Office building/meshes/Noteblock.fbx using Guid(2ca852ab7cfc026498325cc246a83f56) Importer(815301076,1909f56bfc062723c751e8b465ee728b)  -> (artifact id: '385698596cf87631001f159ee091f365') in 0.046080 seconds
Number of updated asset objects reloaded before import = 0
Number of asset objects unloaded after import = 9
========================================================================
Received Import Request.
  Time since last request: 0.000026 seconds.
  path: Assets/Plug-In's/Enviroment/enviroment/Office building/meshes/office building.fbx
  artifactKey: Guid(18cd780e6948a554a850b2d047ebf8fb) Importer(815301076,1909f56bfc062723c751e8b465ee728b)
Start importing Assets/Plug-In's/Enviroment/enviroment/Office building/meshes/office building.fbx using Guid(18cd780e6948a554a850b2d047ebf8fb) Importer(815301076,1909f56bfc062723c751e8b465ee728b)  -> (artifact id: 'bd962200314a16cacee3a420040e8eff') in 1.084262 seconds
Number of updated asset objects reloaded before import = 0
Number of asset objects unloaded after import = 1010
========================================================================
Received Import Request.
  Time since last request: 107.514191 seconds.
  path: Assets/Plug-In's/Enviroment/enviroment/Office building/scene/office building.unity
  artifactKey: Guid(cc855a45dc62bb8479a2ca85a707b08a) Importer(815301076,1909f56bfc062723c751e8b465ee728b)
Start importing Assets/Plug-In's/Enviroment/enviroment/Office building/scene/office building.unity using Guid(cc855a45dc62bb8479a2ca85a707b08a) Importer(815301076,1909f56bfc062723c751e8b465ee728b)  -> (artifact id: '46eedbb8c6a625a4f83a1499517da2eb') in 0.001468 seconds
Number of updated asset objects reloaded before import = 0
Number of asset objects unloaded after import = 0
========================================================================
Received Import Request.
  Time since last request: 34.645066 seconds.
  path: Assets/Scenes
  artifactKey: Guid(8f0719c542fb4314c8895f609fff0e76) Importer(815301076,1909f56bfc062723c751e8b465ee728b)
Start importing Assets/Scenes using Guid(8f0719c542fb4314c8895f609fff0e76) Importer(815301076,1909f56bfc062723c751e8b465ee728b)  -> (artifact id: 'd18a4afa1adc32f623df6a77f9d92a89') in 0.000604 seconds
Number of updated asset objects reloaded before import = 0
Number of asset objects unloaded after import = 0
========================================================================
Received Import Request.
  Time since last request: 0.895562 seconds.
  path: Assets/Scenes/SampleScene.unity
  artifactKey: Guid(9fc0d4010bbf28b4594072e72b8655ab) Importer(815301076,1909f56bfc062723c751e8b465ee728b)
Start importing Assets/Scenes/SampleScene.unity using Guid(9fc0d4010bbf28b4594072e72b8655ab) Importer(815301076,1909f56bfc062723c751e8b465ee728b)  -> (artifact id: '5d6b3488b8a569601452703d0fd96fdb') in 0.000498 seconds
Number of updated asset objects reloaded before import = 0
Number of asset objects unloaded after import = 0
========================================================================
Received Import Request.
  Time since last request: 22.552481 seconds.
  path: Assets/Prefabs/Enviroment
  artifactKey: Guid(9db729cff2c434f408bc885c63c4fe12) Importer(815301076,1909f56bfc062723c751e8b465ee728b)
Start importing Assets/Prefabs/Enviroment using Guid(9db729cff2c434f408bc885c63c4fe12) Importer(815301076,1909f56bfc062723c751e8b465ee728b)  -> (artifact id: 'ac3387df48482d5f276df53980af89eb') in 0.000491 seconds
Number of updated asset objects reloaded before import = 0
Number of asset objects unloaded after import = 0
========================================================================
Received Prepare
Begin MonoManager ReloadAssembly
- Loaded All Assemblies, in  0.483 seconds
Refreshing native plugins compatible for Editor in 2.57 ms, found 3 plugins.
Native extension for WindowsStandalone target not found
Native extension for iOS target not found
Native extension for Android target not found
[Package Manager] Server::EnsureServerProcessIsRunning -- launch failed, reason: Unity was launched with the -noUpm command-line argument
[Package Manager] UpmClient::Send -- Unable to send message (not connected to UPM process).
[Package Manager] Cannot connect to Unity Package Manager local server
Mono: successfully reloaded assembly
- Finished resetting the current domain, in  0.913 seconds
Domain Reload Profiling: 1394ms
	BeginReloadAssembly (149ms)
		ExecutionOrderSort (0ms)
		DisableScriptedObjects (4ms)
		BackupInstance (0ms)
		ReleaseScriptingObjects (0ms)
		CreateAndSetChildDomain (40ms)
	RebuildCommonClasses (30ms)
	RebuildNativeTypeToScriptingClass (9ms)
	initialDomainReloadingComplete (26ms)
	LoadAllAssembliesAndSetupDomain (267ms)
		LoadAssemblies (332ms)
		RebuildTransferFunctionScriptingTraits (0ms)
		AnalyzeDomain (11ms)
			TypeCache.Refresh (6ms)
				TypeCache.ScanAssembly (0ms)
			ScanForSourceGeneratedMonoScriptInfo (0ms)
			ResolveRequiredComponents (4ms)
	FinalizeReload (913ms)
		ReleaseScriptCaches (0ms)
		RebuildScriptCaches (0ms)
		SetupLoadedEditorAssemblies (406ms)
			LogAssemblyErrors (0ms)
			InitializePlatformSupportModulesInManaged (37ms)
			SetLoadedEditorAssemblies (5ms)
			RefreshPlugins (0ms)
			BeforeProcessingInitializeOnLoad (68ms)
			ProcessInitializeOnLoadAttributes (263ms)
			ProcessInitializeOnLoadMethodAttributes (25ms)
			AfterProcessingInitializeOnLoad (8ms)
			EditorAssembliesLoaded (0ms)
		ExecutionOrderSort2 (0ms)
		AwakeInstancesAfterBackupRestoration (9ms)
Refreshing native plugins compatible for Editor in 3.78 ms, found 3 plugins.
Preloading 0 native plugins for Editor in 0.00 ms.
Unloading 3087 Unused Serialized files (Serialized files now loaded: 0)
Unloading 22 unused Assets / (30.2 KB). Loaded Objects now: 3622.
Memory consumption went from 137.5 MB to 137.5 MB.
Total: 3.672300 ms (FindLiveObjects: 0.218900 ms CreateObjectMapping: 0.091900 ms MarkObjects: 3.315900 ms  DeleteObjects: 0.043900 ms)

Prepare: number of updated asset objects reloaded= 0
AssetImportParameters requested are different than current active one (requested -> active):
  custom:container-demuxer-ogg: 62fdf1f143b41e24485cea50d1cbac27 -> 
  custom:video-decoder-ogg-theora: a1e56fd34408186e4bbccfd4996cb3dc -> 
  custom:framework-win-MediaFoundation: 216162199b28c13a410421893ffa2e32 -> 
  custom:CustomObjectIndexerAttribute: 6d391050e5a25f67b0a2c618074f2cd9 -> 
  custom:container-demuxer-webm: 4f35f7cbe854078d1ac9338744f61a02 -> 
  custom:container-muxer-webm: aa71ff27fc2769a1b78a27578f13a17b -> 
  custom:video-decoder-webm-vp8: 9c59270c3fd7afecdb556c50c9e8de78 -> 
  custom:SearchIndexIgnoredProperties: e643bd26f0fe6173181afceb89e7c659 -> 
  custom:AudioImporter_EditorPlatform: d09bf68614088b80899f8185d706f6e7 -> 
  custom:video-encoder-webm-vp8: eb34c28f22e8b96e1ab97ce403110664 -> 
  custom:audio-decoder-ogg-vorbis: bf7c407c2cedff20999df2af8eb42d56 -> 
  custom:audio-encoder-webm-vorbis: bf7c407c2cedff20999df2af8eb42d56 -> 
========================================================================
Received Import Request.
  Time since last request: 235.734609 seconds.
  path: Assets/Art
  artifactKey: Guid(6c5f8870fdeb91b4fa23e1ca225eec40) Importer(815301076,1909f56bfc062723c751e8b465ee728b)
Start importing Assets/Art using Guid(6c5f8870fdeb91b4fa23e1ca225eec40) Importer(815301076,1909f56bfc062723c751e8b465ee728b)  -> (artifact id: '1215bbbe90ede265fdc282d6b857a391') in 0.002371 seconds
Number of updated asset objects reloaded before import = 0
Number of asset objects unloaded after import = 0
========================================================================
Received Import Request.
  Time since last request: 6.364057 seconds.
  path: Assets/Art/Materials
  artifactKey: Guid(f5af2f007e91896449d872b940b8c8d2) Importer(815301076,1909f56bfc062723c751e8b465ee728b)
Start importing Assets/Art/Materials using Guid(f5af2f007e91896449d872b940b8c8d2) Importer(815301076,1909f56bfc062723c751e8b465ee728b)  -> (artifact id: '40eed67e2d826e12055f973684491c15') in 0.000797 seconds
Number of updated asset objects reloaded before import = 0
Number of asset objects unloaded after import = 0
========================================================================
Received Import Request.
  Time since last request: 7.549360 seconds.
  path: Assets/Art/Materials/Ground.mat
  artifactKey: Guid(e5be4bb14aa8c5a43a9d18f8fdf085ba) Importer(815301076,1909f56bfc062723c751e8b465ee728b)
Start importing Assets/Art/Materials/Ground.mat using Guid(e5be4bb14aa8c5a43a9d18f8fdf085ba) Importer(815301076,1909f56bfc062723c751e8b465ee728b)  -> (artifact id: '25249e745e898d1376fb5372418e0c76') in 0.070613 seconds
Number of updated asset objects reloaded before import = 0
Number of asset objects unloaded after import = 1
========================================================================
Received Prepare
Begin MonoManager ReloadAssembly
- Loaded All Assemblies, in  0.394 seconds
Refreshing native plugins compatible for Editor in 3.75 ms, found 3 plugins.
Native extension for WindowsStandalone target not found
Native extension for iOS target not found
Native extension for Android target not found
[Package Manager] Server::EnsureServerProcessIsRunning -- launch failed, reason: Unity was launched with the -noUpm command-line argument
[Package Manager] UpmClient::Send -- Unable to send message (not connected to UPM process).
[Package Manager] Cannot connect to Unity Package Manager local server
Mono: successfully reloaded assembly
- Finished resetting the current domain, in  0.767 seconds
Domain Reload Profiling: 1159ms
	BeginReloadAssembly (133ms)
		ExecutionOrderSort (0ms)
		DisableScriptedObjects (3ms)
		BackupInstance (0ms)
		ReleaseScriptingObjects (0ms)
		CreateAndSetChildDomain (30ms)
	RebuildCommonClasses (34ms)
	RebuildNativeTypeToScriptingClass (10ms)
	initialDomainReloadingComplete (30ms)
	LoadAllAssembliesAndSetupDomain (184ms)
		LoadAssemblies (245ms)
		RebuildTransferFunctionScriptingTraits (0ms)
		AnalyzeDomain (11ms)
			TypeCache.Refresh (5ms)
				TypeCache.ScanAssembly (0ms)
			ScanForSourceGeneratedMonoScriptInfo (0ms)
			ResolveRequiredComponents (4ms)
	FinalizeReload (768ms)
		ReleaseScriptCaches (0ms)
		RebuildScriptCaches (0ms)
		SetupLoadedEditorAssemblies (340ms)
			LogAssemblyErrors (0ms)
			InitializePlatformSupportModulesInManaged (30ms)
			SetLoadedEditorAssemblies (4ms)
			RefreshPlugins (0ms)
			BeforeProcessingInitializeOnLoad (54ms)
			ProcessInitializeOnLoadAttributes (224ms)
			ProcessInitializeOnLoadMethodAttributes (23ms)
			AfterProcessingInitializeOnLoad (6ms)
			EditorAssembliesLoaded (0ms)
		ExecutionOrderSort2 (0ms)
		AwakeInstancesAfterBackupRestoration (6ms)
Refreshing native plugins compatible for Editor in 3.36 ms, found 3 plugins.
Preloading 0 native plugins for Editor in 0.00 ms.
Unloading 3087 Unused Serialized files (Serialized files now loaded: 0)
Unloading 22 unused Assets / (30.2 KB). Loaded Objects now: 3625.
Memory consumption went from 139.5 MB to 139.4 MB.
Total: 3.575000 ms (FindLiveObjects: 0.260500 ms CreateObjectMapping: 0.084800 ms MarkObjects: 3.188100 ms  DeleteObjects: 0.040000 ms)

Prepare: number of updated asset objects reloaded= 0
AssetImportParameters requested are different than current active one (requested -> active):
  custom:container-demuxer-ogg: 62fdf1f143b41e24485cea50d1cbac27 -> 
  custom:video-decoder-ogg-theora: a1e56fd34408186e4bbccfd4996cb3dc -> 
  custom:framework-win-MediaFoundation: 216162199b28c13a410421893ffa2e32 -> 
  custom:CustomObjectIndexerAttribute: 6d391050e5a25f67b0a2c618074f2cd9 -> 
  custom:container-demuxer-webm: 4f35f7cbe854078d1ac9338744f61a02 -> 
  custom:container-muxer-webm: aa71ff27fc2769a1b78a27578f13a17b -> 
  custom:video-decoder-webm-vp8: 9c59270c3fd7afecdb556c50c9e8de78 -> 
  custom:SearchIndexIgnoredProperties: e643bd26f0fe6173181afceb89e7c659 -> 
  custom:AudioImporter_EditorPlatform: d09bf68614088b80899f8185d706f6e7 -> 
  custom:video-encoder-webm-vp8: eb34c28f22e8b96e1ab97ce403110664 -> 
  custom:audio-decoder-ogg-vorbis: bf7c407c2cedff20999df2af8eb42d56 -> 
  custom:audio-encoder-webm-vorbis: bf7c407c2cedff20999df2af8eb42d56 -> 
========================================================================
Received Import Request.
  Time since last request: 201.414659 seconds.
  path: Assets/Plug-In's/Enviroment/enviroment/Office building/material props/Computer.mat
  artifactKey: Guid(1382d7cb7b45e8642aa34d7fe2c655f5) Importer(815301076,1909f56bfc062723c751e8b465ee728b)
Start importing Assets/Plug-In's/Enviroment/enviroment/Office building/material props/Computer.mat using Guid(1382d7cb7b45e8642aa34d7fe2c655f5) Importer(815301076,1909f56bfc062723c751e8b465ee728b)  -> (artifact id: 'e5874e205991c75b3e604e19c4f1663f') in 0.106401 seconds
Number of updated asset objects reloaded before import = 0
Number of asset objects unloaded after import = 2
========================================================================
Received Import Request.
  Time since last request: 0.000029 seconds.
  path: Assets/Plug-In's/Enviroment/enviroment/Office building/materials Building/concrete.mat
  artifactKey: Guid(fdef9fc465e6bb2499064052e6209ecd) Importer(815301076,1909f56bfc062723c751e8b465ee728b)
Start importing Assets/Plug-In's/Enviroment/enviroment/Office building/materials Building/concrete.mat using Guid(fdef9fc465e6bb2499064052e6209ecd) Importer(815301076,1909f56bfc062723c751e8b465ee728b)  -> (artifact id: '93fe13ff363b3eabf1044df69fb46fb7') in 0.017788 seconds
Number of updated asset objects reloaded before import = 0
Number of asset objects unloaded after import = 2
========================================================================
Received Import Request.
  Time since last request: 0.000027 seconds.
  path: Assets/Plug-In's/Enviroment/enviroment/Office building/material props/Computer chair.mat
  artifactKey: Guid(c91bef0412ad22a4793733160456d011) Importer(815301076,1909f56bfc062723c751e8b465ee728b)
Start importing Assets/Plug-In's/Enviroment/enviroment/Office building/material props/Computer chair.mat using Guid(c91bef0412ad22a4793733160456d011) Importer(815301076,1909f56bfc062723c751e8b465ee728b)  -> (artifact id: '9771cc8bfc12687782efe6872267750c') in 0.026557 seconds
Number of updated asset objects reloaded before import = 0
Number of asset objects unloaded after import = 2
========================================================================
Received Import Request.
  Time since last request: 0.000019 seconds.
  path: Assets/Plug-In's/Enviroment/enviroment/Office building/textures/Props/used/Kindergarten chair.png
  artifactKey: Guid(1c63191c37a24df47ad81341320bcfc6) Importer(815301076,1909f56bfc062723c751e8b465ee728b)
Start importing Assets/Plug-In's/Enviroment/enviroment/Office building/textures/Props/used/Kindergarten chair.png using Guid(1c63191c37a24df47ad81341320bcfc6) Importer(815301076,1909f56bfc062723c751e8b465ee728b)  -> (artifact id: 'dcc861230ec13c75b436230155e0da46') in 0.026457 seconds
Number of updated asset objects reloaded before import = 0
Number of asset objects unloaded after import = 2
========================================================================
Received Import Request.
  Time since last request: 0.000092 seconds.
  path: Assets/Plug-In's/Enviroment/enviroment/Office building/material props/computer mouse.mat
  artifactKey: Guid(da62bc24cbf68f84abc423fc833ad31b) Importer(815301076,1909f56bfc062723c751e8b465ee728b)
Start importing Assets/Plug-In's/Enviroment/enviroment/Office building/material props/computer mouse.mat using Guid(da62bc24cbf68f84abc423fc833ad31b) Importer(815301076,1909f56bfc062723c751e8b465ee728b)  -> (artifact id: '5d01f158652f1b08ff06a6c8e512b9e0') in 0.013312 seconds
Number of updated asset objects reloaded before import = 0
Number of asset objects unloaded after import = 2
========================================================================
Received Prepare
Begin MonoManager ReloadAssembly
- Loaded All Assemblies, in  0.485 seconds
Refreshing native plugins compatible for Editor in 2.73 ms, found 3 plugins.
Native extension for WindowsStandalone target not found
Native extension for iOS target not found
Native extension for Android target not found
[Package Manager] Server::EnsureServerProcessIsRunning -- launch failed, reason: Unity was launched with the -noUpm command-line argument
[Package Manager] UpmClient::Send -- Unable to send message (not connected to UPM process).
[Package Manager] Cannot connect to Unity Package Manager local server
Mono: successfully reloaded assembly
- Finished resetting the current domain, in  0.846 seconds
Domain Reload Profiling: 1327ms
	BeginReloadAssembly (168ms)
		ExecutionOrderSort (0ms)
		DisableScriptedObjects (6ms)
		BackupInstance (0ms)
		ReleaseScriptingObjects (0ms)
		CreateAndSetChildDomain (35ms)
	RebuildCommonClasses (40ms)
	RebuildNativeTypeToScriptingClass (13ms)
	initialDomainReloadingComplete (36ms)
	LoadAllAssembliesAndSetupDomain (223ms)
		LoadAssemblies (292ms)
		RebuildTransferFunctionScriptingTraits (0ms)
		AnalyzeDomain (24ms)
			TypeCache.Refresh (11ms)
				TypeCache.ScanAssembly (1ms)
			ScanForSourceGeneratedMonoScriptInfo (8ms)
			ResolveRequiredComponents (4ms)
	FinalizeReload (846ms)
		ReleaseScriptCaches (0ms)
		RebuildScriptCaches (0ms)
		SetupLoadedEditorAssemblies (395ms)
			LogAssemblyErrors (0ms)
			InitializePlatformSupportModulesInManaged (35ms)
			SetLoadedEditorAssemblies (3ms)
			RefreshPlugins (0ms)
			BeforeProcessingInitializeOnLoad (59ms)
			ProcessInitializeOnLoadAttributes (270ms)
			ProcessInitializeOnLoadMethodAttributes (20ms)
			AfterProcessingInitializeOnLoad (7ms)
			EditorAssembliesLoaded (0ms)
		ExecutionOrderSort2 (0ms)
		AwakeInstancesAfterBackupRestoration (9ms)
Refreshing native plugins compatible for Editor in 3.34 ms, found 3 plugins.
Preloading 0 native plugins for Editor in 0.00 ms.
Unloading 3134 Unused Serialized files (Serialized files now loaded: 0)
Unloading 35 unused Assets / (0.7 MB). Loaded Objects now: 3664.
Memory consumption went from 146.1 MB to 145.3 MB.
Total: 3.054400 ms (FindLiveObjects: 0.251900 ms CreateObjectMapping: 0.110000 ms MarkObjects: 2.360000 ms  DeleteObjects: 0.331600 ms)

Prepare: number of updated asset objects reloaded= 0
AssetImportParameters requested are different than current active one (requested -> active):
  custom:container-demuxer-ogg: 62fdf1f143b41e24485cea50d1cbac27 -> 
  custom:video-decoder-ogg-theora: a1e56fd34408186e4bbccfd4996cb3dc -> 
  custom:framework-win-MediaFoundation: 216162199b28c13a410421893ffa2e32 -> 
  custom:CustomObjectIndexerAttribute: 6d391050e5a25f67b0a2c618074f2cd9 -> 
  custom:container-demuxer-webm: 4f35f7cbe854078d1ac9338744f61a02 -> 
  custom:container-muxer-webm: aa71ff27fc2769a1b78a27578f13a17b -> 
  custom:video-decoder-webm-vp8: 9c59270c3fd7afecdb556c50c9e8de78 -> 
  custom:SearchIndexIgnoredProperties: e643bd26f0fe6173181afceb89e7c659 -> 
  custom:AudioImporter_EditorPlatform: d09bf68614088b80899f8185d706f6e7 -> 
  custom:video-encoder-webm-vp8: eb34c28f22e8b96e1ab97ce403110664 -> 
  custom:audio-decoder-ogg-vorbis: bf7c407c2cedff20999df2af8eb42d56 -> 
  custom:audio-encoder-webm-vorbis: bf7c407c2cedff20999df2af8eb42d56 -> 
========================================================================
Received Prepare
Begin MonoManager ReloadAssembly
- Loaded All Assemblies, in  0.432 seconds
Refreshing native plugins compatible for Editor in 3.20 ms, found 3 plugins.
Native extension for WindowsStandalone target not found
Native extension for iOS target not found
Native extension for Android target not found
[Package Manager] Server::EnsureServerProcessIsRunning -- launch failed, reason: Unity was launched with the -noUpm command-line argument
[Package Manager] UpmClient::Send -- Unable to send message (not connected to UPM process).
[Package Manager] Cannot connect to Unity Package Manager local server
Mono: successfully reloaded assembly
- Finished resetting the current domain, in  1.016 seconds
Domain Reload Profiling: 1446ms
	BeginReloadAssembly (148ms)
		ExecutionOrderSort (0ms)
		DisableScriptedObjects (5ms)
		BackupInstance (0ms)
		ReleaseScriptingObjects (0ms)
		CreateAndSetChildDomain (33ms)
	RebuildCommonClasses (32ms)
	RebuildNativeTypeToScriptingClass (11ms)
	initialDomainReloadingComplete (26ms)
	LoadAllAssembliesAndSetupDomain (213ms)
		LoadAssemblies (266ms)
		RebuildTransferFunctionScriptingTraits (0ms)
		AnalyzeDomain (25ms)
			TypeCache.Refresh (11ms)
				TypeCache.ScanAssembly (1ms)
			ScanForSourceGeneratedMonoScriptInfo (7ms)
			ResolveRequiredComponents (5ms)
	FinalizeReload (1017ms)
		ReleaseScriptCaches (0ms)
		RebuildScriptCaches (0ms)
		SetupLoadedEditorAssemblies (406ms)
			LogAssemblyErrors (0ms)
			InitializePlatformSupportModulesInManaged (29ms)
			SetLoadedEditorAssemblies (3ms)
			RefreshPlugins (0ms)
			BeforeProcessingInitializeOnLoad (55ms)
			ProcessInitializeOnLoadAttributes (283ms)
			ProcessInitializeOnLoadMethodAttributes (27ms)
			AfterProcessingInitializeOnLoad (9ms)
			EditorAssembliesLoaded (0ms)
		ExecutionOrderSort2 (0ms)
		AwakeInstancesAfterBackupRestoration (10ms)
Refreshing native plugins compatible for Editor in 4.46 ms, found 3 plugins.
Preloading 0 native plugins for Editor in 0.00 ms.
Unloading 3134 Unused Serialized files (Serialized files now loaded: 0)
Unloading 35 unused Assets / (0.7 MB). Loaded Objects now: 3667.
Memory consumption went from 148.0 MB to 147.3 MB.
Total: 3.812100 ms (FindLiveObjects: 0.272600 ms CreateObjectMapping: 0.117700 ms MarkObjects: 2.975800 ms  DeleteObjects: 0.445100 ms)

Prepare: number of updated asset objects reloaded= 0
AssetImportParameters requested are different than current active one (requested -> active):
  custom:container-demuxer-ogg: 62fdf1f143b41e24485cea50d1cbac27 -> 
  custom:video-decoder-ogg-theora: a1e56fd34408186e4bbccfd4996cb3dc -> 
  custom:framework-win-MediaFoundation: 216162199b28c13a410421893ffa2e32 -> 
  custom:CustomObjectIndexerAttribute: 6d391050e5a25f67b0a2c618074f2cd9 -> 
  custom:container-demuxer-webm: 4f35f7cbe854078d1ac9338744f61a02 -> 
  custom:container-muxer-webm: aa71ff27fc2769a1b78a27578f13a17b -> 
  custom:video-decoder-webm-vp8: 9c59270c3fd7afecdb556c50c9e8de78 -> 
  custom:SearchIndexIgnoredProperties: e643bd26f0fe6173181afceb89e7c659 -> 
  custom:AudioImporter_EditorPlatform: d09bf68614088b80899f8185d706f6e7 -> 
  custom:video-encoder-webm-vp8: eb34c28f22e8b96e1ab97ce403110664 -> 
  custom:audio-decoder-ogg-vorbis: bf7c407c2cedff20999df2af8eb42d56 -> 
  custom:audio-encoder-webm-vorbis: bf7c407c2cedff20999df2af8eb42d56 -> 
Editor requested this worker to shutdown with reason: Scaling down because of idle timeout
TcpMessagingSession - receive error: operation aborted. errorcode: 995, details: Bir i parac k veya bir uygulama istei nedeniyle G/ ilemi iptal edildi.
AssetImportWorker is now disconnected from the server
Process exiting
Exiting without the bug reporter. Application will terminate with return code 0