Using pre-set license
Built from '2022.3/release' branch; Version is '2022.3.20f1 (61c2feb0970d) revision 6406910'; Using compiler version '192829333'; Build Type 'Release'
OS: 'Windows 11  (10.0.22631) 64bit CoreSingleLanguage' Language: 'tr' Physical Memory: 16125 MB
BatchMode: 1, IsHumanControllingUs: 0, StartBugReporterOnCrash: 0, Is64bit: 1, IsPro: 1

COMMAND LINE ARGUMENTS:
C:\Program Files\Unity\Hub\Editor\2022.3.20f1\Editor\Unity.exe
-adb2
-batchMode
-noUpm
-name
AssetImportWorker0
-projectPath
C:/Users/baran/Documents/GitHub/Office
-logFile
Logs/AssetImportWorker0.log
-srvPort
63006
Successfully changed project path to: C:/Users/baran/Documents/GitHub/Office
C:/Users/baran/Documents/GitHub/Office
[UnityMemory] Configuration Parameters - Can be set up in boot.config
    "memorysetup-bucket-allocator-granularity=16"
    "memorysetup-bucket-allocator-bucket-count=8"
    "memorysetup-bucket-allocator-block-size=33554432"
    "memorysetup-bucket-allocator-block-count=8"
    "memorysetup-main-allocator-block-size=16777216"
    "memorysetup-thread-allocator-block-size=16777216"
    "memorysetup-gfx-main-allocator-block-size=16777216"
    "memorysetup-gfx-thread-allocator-block-size=16777216"
    "memorysetup-cache-allocator-block-size=4194304"
    "memorysetup-typetree-allocator-block-size=2097152"
    "memorysetup-profiler-bucket-allocator-granularity=16"
    "memorysetup-profiler-bucket-allocator-bucket-count=8"
    "memorysetup-profiler-bucket-allocator-block-size=33554432"
    "memorysetup-profiler-bucket-allocator-block-count=8"
    "memorysetup-profiler-allocator-block-size=16777216"
    "memorysetup-profiler-editor-allocator-block-size=1048576"
    "memorysetup-temp-allocator-size-main=16777216"
    "memorysetup-job-temp-allocator-block-size=2097152"
    "memorysetup-job-temp-allocator-block-size-background=1048576"
    "memorysetup-job-temp-allocator-reduction-small-platforms=262144"
    "memorysetup-allocator-temp-initial-block-size-main=262144"
    "memorysetup-allocator-temp-initial-block-size-worker=262144"
    "memorysetup-temp-allocator-size-background-worker=32768"
    "memorysetup-temp-allocator-size-job-worker=262144"
    "memorysetup-temp-allocator-size-preload-manager=33554432"
    "memorysetup-temp-allocator-size-nav-mesh-worker=65536"
    "memorysetup-temp-allocator-size-audio-worker=65536"
    "memorysetup-temp-allocator-size-cloud-worker=32768"
    "memorysetup-temp-allocator-size-gi-baking-worker=262144"
    "memorysetup-temp-allocator-size-gfx=262144"
Player connection [24068] Host "[IP] 192.168.1.8 [Port] 0 [Flags] 2 [Guid] 2039626286 [EditorId] 2039626286 [Version] 1048832 [Id] WindowsEditor(7,DESKTOP-66AG3Q3) [Debug] 1 [PackageName] WindowsEditor [ProjectName] Editor" joined multi-casting on [225.0.0.222:54997]...

Player connection [24068] Host "[IP] 192.168.1.8 [Port] 0 [Flags] 2 [Guid] 2039626286 [EditorId] 2039626286 [Version] 1048832 [Id] WindowsEditor(7,DESKTOP-66AG3Q3) [Debug] 1 [PackageName] WindowsEditor [ProjectName] Editor" joined alternative multi-casting on [225.0.0.222:34997]...

[Physics::Module] Initialized MultithreadedJobDispatcher with 15 workers.
Refreshing native plugins compatible for Editor in 7.05 ms, found 3 plugins.
Preloading 0 native plugins for Editor in 0.00 ms.
Initialize engine version: 2022.3.20f1 (61c2feb0970d)
[Subsystems] Discovering subsystems at path C:/Program Files/Unity/Hub/Editor/2022.3.20f1/Editor/Data/Resources/UnitySubsystems
[Subsystems] Discovering subsystems at path C:/Users/baran/Documents/GitHub/Office/Assets
GfxDevice: creating device client; threaded=0; jobified=0
Direct3D:
    Version:  Direct3D 11.0 [level 11.1]
    Renderer: NVIDIA GeForce RTX 3060 Laptop GPU (ID=0x2520)
    Vendor:   NVIDIA
    VRAM:     5996 MB
    Driver:   31.0.15.5186
Initialize mono
Mono path[0] = 'C:/Program Files/Unity/Hub/Editor/2022.3.20f1/Editor/Data/Managed'
Mono path[1] = 'C:/Program Files/Unity/Hub/Editor/2022.3.20f1/Editor/Data/MonoBleedingEdge/lib/mono/unityjit-win32'
Mono config path = 'C:/Program Files/Unity/Hub/Editor/2022.3.20f1/Editor/Data/MonoBleedingEdge/etc'
Using monoOptions --debugger-agent=transport=dt_socket,embedding=1,server=y,suspend=n,address=127.0.0.1:56172
Begin MonoManager ReloadAssembly
Registering precompiled unity dll's ...
Register platform support module: C:/Program Files/Unity/Hub/Editor/2022.3.20f1/Editor/Data/PlaybackEngines/AndroidPlayer/UnityEditor.Android.Extensions.dll
Register platform support module: C:/Program Files/Unity/Hub/Editor/2022.3.20f1/Editor/Data/PlaybackEngines/iOSSupport/UnityEditor.iOS.Extensions.dll
Register platform support module: C:/Program Files/Unity/Hub/Editor/2022.3.20f1/Editor/Data/PlaybackEngines/WindowsStandaloneSupport/UnityEditor.WindowsStandalone.Extensions.dll
Registered in 0.008576 seconds.
- Loaded All Assemblies, in  0.312 seconds
Native extension for WindowsStandalone target not found
[usbmuxd] Start listen thread
[usbmuxd] Listen thread started
[usbmuxd] Send listen message
Native extension for iOS target not found
Native extension for Android target not found
Android Extension - Scanning For ADB Devices 2191 ms
Mono: successfully reloaded assembly
- Finished resetting the current domain, in  2.473 seconds
Domain Reload Profiling: 2784ms
	BeginReloadAssembly (96ms)
		ExecutionOrderSort (0ms)
		DisableScriptedObjects (0ms)
		BackupInstance (0ms)
		ReleaseScriptingObjects (0ms)
		CreateAndSetChildDomain (1ms)
	RebuildCommonClasses (29ms)
	RebuildNativeTypeToScriptingClass (9ms)
	initialDomainReloadingComplete (51ms)
	LoadAllAssembliesAndSetupDomain (125ms)
		LoadAssemblies (95ms)
		RebuildTransferFunctionScriptingTraits (0ms)
		AnalyzeDomain (123ms)
			TypeCache.Refresh (121ms)
				TypeCache.ScanAssembly (109ms)
			ScanForSourceGeneratedMonoScriptInfo (0ms)
			ResolveRequiredComponents (0ms)
	FinalizeReload (2473ms)
		ReleaseScriptCaches (0ms)
		RebuildScriptCaches (0ms)
		SetupLoadedEditorAssemblies (2425ms)
			LogAssemblyErrors (0ms)
			InitializePlatformSupportModulesInManaged (2292ms)
			SetLoadedEditorAssemblies (3ms)
			RefreshPlugins (0ms)
			BeforeProcessingInitializeOnLoad (2ms)
			ProcessInitializeOnLoadAttributes (91ms)
			ProcessInitializeOnLoadMethodAttributes (37ms)
			AfterProcessingInitializeOnLoad (0ms)
			EditorAssembliesLoaded (0ms)
		ExecutionOrderSort2 (0ms)
		AwakeInstancesAfterBackupRestoration (0ms)
========================================================================
Worker process is ready to serve import requests
Begin MonoManager ReloadAssembly
- Loaded All Assemblies, in  0.542 seconds
Refreshing native plugins compatible for Editor in 2.38 ms, found 3 plugins.
Native extension for WindowsStandalone target not found
Native extension for iOS target not found
Native extension for Android target not found
Package Manager log level set to [2]
[Package Manager] Server::EnsureServerProcessIsRunning -- launch failed, reason: Unity was launched with the -noUpm command-line argument
[Package Manager] UpmClient::Send -- Unable to send message (not connected to UPM process).
[Package Manager] Cannot connect to Unity Package Manager local server
Mono: successfully reloaded assembly
- Finished resetting the current domain, in  0.489 seconds
Domain Reload Profiling: 1028ms
	BeginReloadAssembly (123ms)
		ExecutionOrderSort (0ms)
		DisableScriptedObjects (5ms)
		BackupInstance (0ms)
		ReleaseScriptingObjects (0ms)
		CreateAndSetChildDomain (20ms)
	RebuildCommonClasses (28ms)
	RebuildNativeTypeToScriptingClass (9ms)
	initialDomainReloadingComplete (35ms)
	LoadAllAssembliesAndSetupDomain (344ms)
		LoadAssemblies (245ms)
		RebuildTransferFunctionScriptingTraits (0ms)
		AnalyzeDomain (169ms)
			TypeCache.Refresh (153ms)
				TypeCache.ScanAssembly (138ms)
			ScanForSourceGeneratedMonoScriptInfo (12ms)
			ResolveRequiredComponents (3ms)
	FinalizeReload (490ms)
		ReleaseScriptCaches (0ms)
		RebuildScriptCaches (0ms)
		SetupLoadedEditorAssemblies (355ms)
			LogAssemblyErrors (0ms)
			InitializePlatformSupportModulesInManaged (29ms)
			SetLoadedEditorAssemblies (4ms)
			RefreshPlugins (0ms)
			BeforeProcessingInitializeOnLoad (51ms)
			ProcessInitializeOnLoadAttributes (246ms)
			ProcessInitializeOnLoadMethodAttributes (18ms)
			AfterProcessingInitializeOnLoad (6ms)
			EditorAssembliesLoaded (0ms)
		ExecutionOrderSort2 (0ms)
		AwakeInstancesAfterBackupRestoration (7ms)
Launched and connected shader compiler UnityShaderCompiler.exe after 0.06 seconds
Refreshing native plugins compatible for Editor in 2.53 ms, found 3 plugins.
Preloading 0 native plugins for Editor in 0.00 ms.
Unloading 3091 Unused Serialized files (Serialized files now loaded: 0)
Unloading 32 unused Assets / (57.0 KB). Loaded Objects now: 3555.
Memory consumption went from 128.2 MB to 128.2 MB.
Total: 2.902600 ms (FindLiveObjects: 0.224100 ms CreateObjectMapping: 0.149100 ms MarkObjects: 2.440400 ms  DeleteObjects: 0.088000 ms)

AssetImportParameters requested are different than current active one (requested -> active):
  custom:container-demuxer-ogg: 62fdf1f143b41e24485cea50d1cbac27 -> 
  custom:video-decoder-ogg-theora: a1e56fd34408186e4bbccfd4996cb3dc -> 
  custom:framework-win-MediaFoundation: 216162199b28c13a410421893ffa2e32 -> 
  custom:CustomObjectIndexerAttribute: 6d391050e5a25f67b0a2c618074f2cd9 -> 
  custom:container-demuxer-webm: 4f35f7cbe854078d1ac9338744f61a02 -> 
  custom:container-muxer-webm: aa71ff27fc2769a1b78a27578f13a17b -> 
  custom:video-decoder-webm-vp8: 9c59270c3fd7afecdb556c50c9e8de78 -> 
  custom:SearchIndexIgnoredProperties: e643bd26f0fe6173181afceb89e7c659 -> 
  custom:AudioImporter_EditorPlatform: d09bf68614088b80899f8185d706f6e7 -> 
  custom:video-encoder-webm-vp8: eb34c28f22e8b96e1ab97ce403110664 -> 
  custom:audio-decoder-ogg-vorbis: bf7c407c2cedff20999df2af8eb42d56 -> 
  custom:audio-encoder-webm-vorbis: bf7c407c2cedff20999df2af8eb42d56 -> 
========================================================================
Received Import Request.
  Time since last request: 195596.480475 seconds.
  path: Assets
  artifactKey: Guid(00000000000000001000000000000000) Importer(815301076,1909f56bfc062723c751e8b465ee728b)
Start importing Assets using Guid(00000000000000001000000000000000) Importer(815301076,1909f56bfc062723c751e8b465ee728b)  -> (artifact id: '8a4fe85251aa2e89732c359432baa2c3') in 0.002479 seconds
Number of updated asset objects reloaded before import = 0
Number of asset objects unloaded after import = 0
========================================================================
Received Import Request.
  Time since last request: 9.010069 seconds.
  path: Assets/Plug-In's
  artifactKey: Guid(218ceeec526216742b3d36cc15f48ecd) Importer(815301076,1909f56bfc062723c751e8b465ee728b)
Start importing Assets/Plug-In's using Guid(218ceeec526216742b3d36cc15f48ecd) Importer(815301076,1909f56bfc062723c751e8b465ee728b)  -> (artifact id: '8a31e8786d0e203866f0880d64ba3eb3') in 0.000484 seconds
Number of updated asset objects reloaded before import = 0
Number of asset objects unloaded after import = 0
========================================================================
Received Prepare
Begin MonoManager ReloadAssembly
- Loaded All Assemblies, in  0.405 seconds
Refreshing native plugins compatible for Editor in 3.25 ms, found 3 plugins.
Native extension for WindowsStandalone target not found
Native extension for iOS target not found
Native extension for Android target not found
[Package Manager] Server::EnsureServerProcessIsRunning -- launch failed, reason: Unity was launched with the -noUpm command-line argument
[Package Manager] UpmClient::Send -- Unable to send message (not connected to UPM process).
[Package Manager] Cannot connect to Unity Package Manager local server
Mono: successfully reloaded assembly
- Finished resetting the current domain, in  0.849 seconds
Domain Reload Profiling: 1253ms
	BeginReloadAssembly (141ms)
		ExecutionOrderSort (0ms)
		DisableScriptedObjects (5ms)
		BackupInstance (0ms)
		ReleaseScriptingObjects (0ms)
		CreateAndSetChildDomain (30ms)
	RebuildCommonClasses (32ms)
	RebuildNativeTypeToScriptingClass (16ms)
	initialDomainReloadingComplete (29ms)
	LoadAllAssembliesAndSetupDomain (185ms)
		LoadAssemblies (240ms)
		RebuildTransferFunctionScriptingTraits (0ms)
		AnalyzeDomain (21ms)
			TypeCache.Refresh (7ms)
				TypeCache.ScanAssembly (0ms)
			ScanForSourceGeneratedMonoScriptInfo (7ms)
			ResolveRequiredComponents (4ms)
	FinalizeReload (850ms)
		ReleaseScriptCaches (0ms)
		RebuildScriptCaches (0ms)
		SetupLoadedEditorAssemblies (380ms)
			LogAssemblyErrors (0ms)
			InitializePlatformSupportModulesInManaged (33ms)
			SetLoadedEditorAssemblies (5ms)
			RefreshPlugins (0ms)
			BeforeProcessingInitializeOnLoad (54ms)
			ProcessInitializeOnLoadAttributes (258ms)
			ProcessInitializeOnLoadMethodAttributes (24ms)
			AfterProcessingInitializeOnLoad (7ms)
			EditorAssembliesLoaded (0ms)
		ExecutionOrderSort2 (0ms)
		AwakeInstancesAfterBackupRestoration (6ms)
Refreshing native plugins compatible for Editor in 3.38 ms, found 3 plugins.
Preloading 0 native plugins for Editor in 0.00 ms.
Unloading 3082 Unused Serialized files (Serialized files now loaded: 0)
Unloading 23 unused Assets / (31.1 KB). Loaded Objects now: 3558.
Memory consumption went from 128.2 MB to 128.2 MB.
Total: 3.710800 ms (FindLiveObjects: 0.270100 ms CreateObjectMapping: 0.124200 ms MarkObjects: 3.245700 ms  DeleteObjects: 0.069600 ms)

Prepare: number of updated asset objects reloaded= 0
AssetImportParameters requested are different than current active one (requested -> active):
  custom:container-demuxer-ogg: 62fdf1f143b41e24485cea50d1cbac27 -> 
  custom:video-decoder-ogg-theora: a1e56fd34408186e4bbccfd4996cb3dc -> 
  custom:framework-win-MediaFoundation: 216162199b28c13a410421893ffa2e32 -> 
  custom:CustomObjectIndexerAttribute: 6d391050e5a25f67b0a2c618074f2cd9 -> 
  custom:container-demuxer-webm: 4f35f7cbe854078d1ac9338744f61a02 -> 
  custom:container-muxer-webm: aa71ff27fc2769a1b78a27578f13a17b -> 
  custom:video-decoder-webm-vp8: 9c59270c3fd7afecdb556c50c9e8de78 -> 
  custom:SearchIndexIgnoredProperties: e643bd26f0fe6173181afceb89e7c659 -> 
  custom:AudioImporter_EditorPlatform: d09bf68614088b80899f8185d706f6e7 -> 
  custom:video-encoder-webm-vp8: eb34c28f22e8b96e1ab97ce403110664 -> 
  custom:audio-decoder-ogg-vorbis: bf7c407c2cedff20999df2af8eb42d56 -> 
  custom:audio-encoder-webm-vorbis: bf7c407c2cedff20999df2af8eb42d56 -> 
========================================================================
Received Import Request.
  Time since last request: 7.090784 seconds.
  path: Assets/Plug-In's/Mini First Person Controller/First Person Controller.prefab
  artifactKey: Guid(11aaea5348574644a9eb4f4504fcce3f) Importer(815301076,1909f56bfc062723c751e8b465ee728b)
Start importing Assets/Plug-In's/Mini First Person Controller/First Person Controller.prefab using Guid(11aaea5348574644a9eb4f4504fcce3f) Importer(815301076,1909f56bfc062723c751e8b465ee728b)  -> (artifact id: '945f1a6c332f799abd49e0552316218d') in 0.278005 seconds
Number of updated asset objects reloaded before import = 0
Number of asset objects unloaded after import = 62
========================================================================
Received Prepare
Begin MonoManager ReloadAssembly
- Loaded All Assemblies, in  0.380 seconds
Refreshing native plugins compatible for Editor in 2.33 ms, found 3 plugins.
Native extension for WindowsStandalone target not found
Native extension for iOS target not found
Native extension for Android target not found
[Package Manager] Server::EnsureServerProcessIsRunning -- launch failed, reason: Unity was launched with the -noUpm command-line argument
[Package Manager] UpmClient::Send -- Unable to send message (not connected to UPM process).
[Package Manager] Cannot connect to Unity Package Manager local server
Mono: successfully reloaded assembly
- Finished resetting the current domain, in  0.790 seconds
Domain Reload Profiling: 1167ms
	BeginReloadAssembly (127ms)
		ExecutionOrderSort (0ms)
		DisableScriptedObjects (4ms)
		BackupInstance (0ms)
		ReleaseScriptingObjects (0ms)
		CreateAndSetChildDomain (30ms)
	RebuildCommonClasses (34ms)
	RebuildNativeTypeToScriptingClass (20ms)
	initialDomainReloadingComplete (29ms)
	LoadAllAssembliesAndSetupDomain (167ms)
		LoadAssemblies (221ms)
		RebuildTransferFunctionScriptingTraits (0ms)
		AnalyzeDomain (12ms)
			TypeCache.Refresh (6ms)
				TypeCache.ScanAssembly (0ms)
			ScanForSourceGeneratedMonoScriptInfo (0ms)
			ResolveRequiredComponents (3ms)
	FinalizeReload (790ms)
		ReleaseScriptCaches (0ms)
		RebuildScriptCaches (0ms)
		SetupLoadedEditorAssemblies (387ms)
			LogAssemblyErrors (0ms)
			InitializePlatformSupportModulesInManaged (35ms)
			SetLoadedEditorAssemblies (3ms)
			RefreshPlugins (0ms)
			BeforeProcessingInitializeOnLoad (57ms)
			ProcessInitializeOnLoadAttributes (264ms)
			ProcessInitializeOnLoadMethodAttributes (22ms)
			AfterProcessingInitializeOnLoad (7ms)
			EditorAssembliesLoaded (0ms)
		ExecutionOrderSort2 (0ms)
		AwakeInstancesAfterBackupRestoration (8ms)
Refreshing native plugins compatible for Editor in 3.55 ms, found 3 plugins.
Preloading 0 native plugins for Editor in 0.00 ms.
Unloading 3082 Unused Serialized files (Serialized files now loaded: 0)
Unloading 22 unused Assets / (30.2 KB). Loaded Objects now: 3570.
Memory consumption went from 129.5 MB to 129.4 MB.
Total: 2.878000 ms (FindLiveObjects: 0.259700 ms CreateObjectMapping: 0.101000 ms MarkObjects: 2.471300 ms  DeleteObjects: 0.044900 ms)

Prepare: number of updated asset objects reloaded= 0
AssetImportParameters requested are different than current active one (requested -> active):
  custom:container-demuxer-ogg: 62fdf1f143b41e24485cea50d1cbac27 -> 
  custom:video-decoder-ogg-theora: a1e56fd34408186e4bbccfd4996cb3dc -> 
  custom:framework-win-MediaFoundation: 216162199b28c13a410421893ffa2e32 -> 
  custom:CustomObjectIndexerAttribute: 6d391050e5a25f67b0a2c618074f2cd9 -> 
  custom:container-demuxer-webm: 4f35f7cbe854078d1ac9338744f61a02 -> 
  custom:container-muxer-webm: aa71ff27fc2769a1b78a27578f13a17b -> 
  custom:video-decoder-webm-vp8: 9c59270c3fd7afecdb556c50c9e8de78 -> 
  custom:SearchIndexIgnoredProperties: e643bd26f0fe6173181afceb89e7c659 -> 
  custom:AudioImporter_EditorPlatform: d09bf68614088b80899f8185d706f6e7 -> 
  custom:video-encoder-webm-vp8: eb34c28f22e8b96e1ab97ce403110664 -> 
  custom:audio-decoder-ogg-vorbis: bf7c407c2cedff20999df2af8eb42d56 -> 
  custom:audio-encoder-webm-vorbis: bf7c407c2cedff20999df2af8eb42d56 -> 
========================================================================
Received Import Request.
  Time since last request: 145.919304 seconds.
  path: Assets/Prefabs
  artifactKey: Guid(ed376dfdd9181c3479262edfda54914b) Importer(815301076,1909f56bfc062723c751e8b465ee728b)
Start importing Assets/Prefabs using Guid(ed376dfdd9181c3479262edfda54914b) Importer(815301076,1909f56bfc062723c751e8b465ee728b)  -> (artifact id: '3bf851e6022102b4572e5379af35fddc') in 0.002150 seconds
Number of updated asset objects reloaded before import = 0
Number of asset objects unloaded after import = 0
========================================================================
Received Prepare
Begin MonoManager ReloadAssembly
- Loaded All Assemblies, in  0.423 seconds
Refreshing native plugins compatible for Editor in 4.56 ms, found 3 plugins.
Native extension for WindowsStandalone target not found
Native extension for iOS target not found
Native extension for Android target not found
[Package Manager] Server::EnsureServerProcessIsRunning -- launch failed, reason: Unity was launched with the -noUpm command-line argument
[Package Manager] UpmClient::Send -- Unable to send message (not connected to UPM process).
[Package Manager] Cannot connect to Unity Package Manager local server
Mono: successfully reloaded assembly
- Finished resetting the current domain, in  0.865 seconds
Domain Reload Profiling: 1287ms
	BeginReloadAssembly (143ms)
		ExecutionOrderSort (0ms)
		DisableScriptedObjects (5ms)
		BackupInstance (0ms)
		ReleaseScriptingObjects (0ms)
		CreateAndSetChildDomain (31ms)
	RebuildCommonClasses (32ms)
	RebuildNativeTypeToScriptingClass (10ms)
	initialDomainReloadingComplete (29ms)
	LoadAllAssembliesAndSetupDomain (206ms)
		LoadAssemblies (256ms)
		RebuildTransferFunctionScriptingTraits (0ms)
		AnalyzeDomain (26ms)
			TypeCache.Refresh (10ms)
				TypeCache.ScanAssembly (0ms)
			ScanForSourceGeneratedMonoScriptInfo (9ms)
			ResolveRequiredComponents (5ms)
	FinalizeReload (866ms)
		ReleaseScriptCaches (0ms)
		RebuildScriptCaches (0ms)
		SetupLoadedEditorAssemblies (390ms)
			LogAssemblyErrors (0ms)
			InitializePlatformSupportModulesInManaged (33ms)
			SetLoadedEditorAssemblies (4ms)
			RefreshPlugins (0ms)
			BeforeProcessingInitializeOnLoad (53ms)
			ProcessInitializeOnLoadAttributes (267ms)
			ProcessInitializeOnLoadMethodAttributes (26ms)
			AfterProcessingInitializeOnLoad (6ms)
			EditorAssembliesLoaded (0ms)
		ExecutionOrderSort2 (0ms)
		AwakeInstancesAfterBackupRestoration (7ms)
Refreshing native plugins compatible for Editor in 3.25 ms, found 3 plugins.
Preloading 0 native plugins for Editor in 0.00 ms.
Unloading 3087 Unused Serialized files (Serialized files now loaded: 0)
Unloading 22 unused Assets / (30.2 KB). Loaded Objects now: 3578.
Memory consumption went from 131.5 MB to 131.5 MB.
Total: 2.683800 ms (FindLiveObjects: 0.187100 ms CreateObjectMapping: 0.066000 ms MarkObjects: 2.387300 ms  DeleteObjects: 0.042000 ms)

Prepare: number of updated asset objects reloaded= 0
AssetImportParameters requested are different than current active one (requested -> active):
  custom:container-demuxer-ogg: 62fdf1f143b41e24485cea50d1cbac27 -> 
  custom:video-decoder-ogg-theora: a1e56fd34408186e4bbccfd4996cb3dc -> 
  custom:framework-win-MediaFoundation: 216162199b28c13a410421893ffa2e32 -> 
  custom:CustomObjectIndexerAttribute: 6d391050e5a25f67b0a2c618074f2cd9 -> 
  custom:container-demuxer-webm: 4f35f7cbe854078d1ac9338744f61a02 -> 
  custom:container-muxer-webm: aa71ff27fc2769a1b78a27578f13a17b -> 
  custom:video-decoder-webm-vp8: 9c59270c3fd7afecdb556c50c9e8de78 -> 
  custom:SearchIndexIgnoredProperties: e643bd26f0fe6173181afceb89e7c659 -> 
  custom:AudioImporter_EditorPlatform: d09bf68614088b80899f8185d706f6e7 -> 
  custom:video-encoder-webm-vp8: eb34c28f22e8b96e1ab97ce403110664 -> 
  custom:audio-decoder-ogg-vorbis: bf7c407c2cedff20999df2af8eb42d56 -> 
  custom:audio-encoder-webm-vorbis: bf7c407c2cedff20999df2af8eb42d56 -> 
========================================================================
Received Prepare
Begin MonoManager ReloadAssembly
- Loaded All Assemblies, in  0.376 seconds
Refreshing native plugins compatible for Editor in 2.89 ms, found 3 plugins.
Native extension for WindowsStandalone target not found
Native extension for iOS target not found
Native extension for Android target not found
[Package Manager] Server::EnsureServerProcessIsRunning -- launch failed, reason: Unity was launched with the -noUpm command-line argument
[Package Manager] UpmClient::Send -- Unable to send message (not connected to UPM process).
[Package Manager] Cannot connect to Unity Package Manager local server
Mono: successfully reloaded assembly
- Finished resetting the current domain, in  0.804 seconds
Domain Reload Profiling: 1178ms
	BeginReloadAssembly (126ms)
		ExecutionOrderSort (0ms)
		DisableScriptedObjects (6ms)
		BackupInstance (0ms)
		ReleaseScriptingObjects (0ms)
		CreateAndSetChildDomain (28ms)
	RebuildCommonClasses (28ms)
	RebuildNativeTypeToScriptingClass (9ms)
	initialDomainReloadingComplete (27ms)
	LoadAllAssembliesAndSetupDomain (183ms)
		LoadAssemblies (229ms)
		RebuildTransferFunctionScriptingTraits (0ms)
		AnalyzeDomain (19ms)
			TypeCache.Refresh (9ms)
				TypeCache.ScanAssembly (0ms)
			ScanForSourceGeneratedMonoScriptInfo (6ms)
			ResolveRequiredComponents (4ms)
	FinalizeReload (805ms)
		ReleaseScriptCaches (0ms)
		RebuildScriptCaches (0ms)
		SetupLoadedEditorAssemblies (323ms)
			LogAssemblyErrors (0ms)
			InitializePlatformSupportModulesInManaged (30ms)
			SetLoadedEditorAssemblies (4ms)
			RefreshPlugins (0ms)
			BeforeProcessingInitializeOnLoad (51ms)
			ProcessInitializeOnLoadAttributes (215ms)
			ProcessInitializeOnLoadMethodAttributes (17ms)
			AfterProcessingInitializeOnLoad (6ms)
			EditorAssembliesLoaded (0ms)
		ExecutionOrderSort2 (0ms)
		AwakeInstancesAfterBackupRestoration (6ms)
Refreshing native plugins compatible for Editor in 2.75 ms, found 3 plugins.
Preloading 0 native plugins for Editor in 0.00 ms.
Unloading 3087 Unused Serialized files (Serialized files now loaded: 0)
Unloading 22 unused Assets / (30.2 KB). Loaded Objects now: 3581.
Memory consumption went from 133.4 MB to 133.4 MB.
Total: 2.589000 ms (FindLiveObjects: 0.253900 ms CreateObjectMapping: 0.093300 ms MarkObjects: 2.195000 ms  DeleteObjects: 0.045700 ms)

Prepare: number of updated asset objects reloaded= 0
AssetImportParameters requested are different than current active one (requested -> active):
  custom:container-demuxer-ogg: 62fdf1f143b41e24485cea50d1cbac27 -> 
  custom:video-decoder-ogg-theora: a1e56fd34408186e4bbccfd4996cb3dc -> 
  custom:framework-win-MediaFoundation: 216162199b28c13a410421893ffa2e32 -> 
  custom:CustomObjectIndexerAttribute: 6d391050e5a25f67b0a2c618074f2cd9 -> 
  custom:container-demuxer-webm: 4f35f7cbe854078d1ac9338744f61a02 -> 
  custom:container-muxer-webm: aa71ff27fc2769a1b78a27578f13a17b -> 
  custom:video-decoder-webm-vp8: 9c59270c3fd7afecdb556c50c9e8de78 -> 
  custom:SearchIndexIgnoredProperties: e643bd26f0fe6173181afceb89e7c659 -> 
  custom:AudioImporter_EditorPlatform: d09bf68614088b80899f8185d706f6e7 -> 
  custom:video-encoder-webm-vp8: eb34c28f22e8b96e1ab97ce403110664 -> 
  custom:audio-decoder-ogg-vorbis: bf7c407c2cedff20999df2af8eb42d56 -> 
  custom:audio-encoder-webm-vorbis: bf7c407c2cedff20999df2af8eb42d56 -> 
========================================================================
Received Import Request.
  Time since last request: 308.921891 seconds.
  path: Assets/Plug-In's/Enviroment/enviroment/Office building/Prefabs/ABC puzzle floor Prefab.prefab
  artifactKey: Guid(91ced13d3de8aaf4998bdbb38fbf3a6b) Importer(815301076,1909f56bfc062723c751e8b465ee728b)
Start importing Assets/Plug-In's/Enviroment/enviroment/Office building/Prefabs/ABC puzzle floor Prefab.prefab using Guid(91ced13d3de8aaf4998bdbb38fbf3a6b) Importer(815301076,1909f56bfc062723c751e8b465ee728b)  -> (artifact id: 'b5a4249892f26bc8b6ba5b589f2f9446') in 0.253337 seconds
Number of updated asset objects reloaded before import = 0
Number of asset objects unloaded after import = 11
========================================================================
Received Import Request.
  Time since last request: 0.000033 seconds.
  path: Assets/Plug-In's/Enviroment/enviroment/Office building/Prefabs/Exit sign Prefab.prefab
  artifactKey: Guid(2df4114bb280d25418ca52939e84b23f) Importer(815301076,1909f56bfc062723c751e8b465ee728b)
Start importing Assets/Plug-In's/Enviroment/enviroment/Office building/Prefabs/Exit sign Prefab.prefab using Guid(2df4114bb280d25418ca52939e84b23f) Importer(815301076,1909f56bfc062723c751e8b465ee728b)  -> (artifact id: '57eddc02b5db45c1e9dc69fafcc9c786') in 0.017318 seconds
Number of updated asset objects reloaded before import = 0
Number of asset objects unloaded after import = 15
========================================================================
Received Import Request.
  Time since last request: 0.000035 seconds.
  path: Assets/Plug-In's/Enviroment/enviroment/Office building/Prefabs/Bottle Prefab.prefab
  artifactKey: Guid(d8c04594c182fb34b9c6974811467766) Importer(815301076,1909f56bfc062723c751e8b465ee728b)
Start importing Assets/Plug-In's/Enviroment/enviroment/Office building/Prefabs/Bottle Prefab.prefab using Guid(d8c04594c182fb34b9c6974811467766) Importer(815301076,1909f56bfc062723c751e8b465ee728b)  -> (artifact id: '1f37301a68bb45acbea693d5c081a379') in 0.017017 seconds
Number of updated asset objects reloaded before import = 0
Number of asset objects unloaded after import = 12
========================================================================
Received Import Request.
  Time since last request: 0.000015 seconds.
  path: Assets/Plug-In's/Enviroment/enviroment/Office building/Prefabs/elevator cabin.prefab
  artifactKey: Guid(76e8d021eb5836e49bfcce87afdae867) Importer(815301076,1909f56bfc062723c751e8b465ee728b)
Start importing Assets/Plug-In's/Enviroment/enviroment/Office building/Prefabs/elevator cabin.prefab using Guid(76e8d021eb5836e49bfcce87afdae867) Importer(815301076,1909f56bfc062723c751e8b465ee728b)  -> (artifact id: '110e65d20ce9923cd45ccba5035c3a3e') in 0.038779 seconds
Number of updated asset objects reloaded before import = 0
Number of asset objects unloaded after import = 58
========================================================================
Received Import Request.
  Time since last request: 0.000015 seconds.
  path: Assets/Plug-In's/Enviroment/enviroment/Office building/Prefabs/carton Prefab.prefab
  artifactKey: Guid(dd51500d075471044aa9309d772f5b3e) Importer(815301076,1909f56bfc062723c751e8b465ee728b)
Start importing Assets/Plug-In's/Enviroment/enviroment/Office building/Prefabs/carton Prefab.prefab using Guid(dd51500d075471044aa9309d772f5b3e) Importer(815301076,1909f56bfc062723c751e8b465ee728b)  -> (artifact id: '0efccd575ef402cb917aa62d747fd7e2') in 0.016247 seconds
Number of updated asset objects reloaded before import = 0
Number of asset objects unloaded after import = 12
========================================================================
Received Import Request.
  Time since last request: 0.000020 seconds.
  path: Assets/Plug-In's/Enviroment/enviroment/Office building/Prefabs/File box blue Prefab.prefab
  artifactKey: Guid(0cad143f02eeb25428ce49d3d8edf3b9) Importer(815301076,1909f56bfc062723c751e8b465ee728b)
Start importing Assets/Plug-In's/Enviroment/enviroment/Office building/Prefabs/File box blue Prefab.prefab using Guid(0cad143f02eeb25428ce49d3d8edf3b9) Importer(815301076,1909f56bfc062723c751e8b465ee728b)  -> (artifact id: '4b5b1f60e348361e7bc6744c5bfc5696') in 0.029048 seconds
Number of updated asset objects reloaded before import = 0
Number of asset objects unloaded after import = 12
========================================================================
Received Import Request.
  Time since last request: 0.000033 seconds.
  path: Assets/Plug-In's/Enviroment/enviroment/Office building/Prefabs/Couch office 1 Prefab.prefab
  artifactKey: Guid(91444dc871111a940989750e692b239f) Importer(815301076,1909f56bfc062723c751e8b465ee728b)
Start importing Assets/Plug-In's/Enviroment/enviroment/Office building/Prefabs/Couch office 1 Prefab.prefab using Guid(91444dc871111a940989750e692b239f) Importer(815301076,1909f56bfc062723c751e8b465ee728b)  -> (artifact id: '3adeffb93d061c5eb59be3a32b167c77') in 0.019468 seconds
Number of updated asset objects reloaded before import = 0
Number of asset objects unloaded after import = 12
========================================================================
Received Import Request.
  Time since last request: 0.000032 seconds.
  path: Assets/Plug-In's/Enviroment/enviroment/Office building/Prefabs/conference table Prefab.prefab
  artifactKey: Guid(89f109fde965876458c9ca5b3563f1e7) Importer(815301076,1909f56bfc062723c751e8b465ee728b)
Start importing Assets/Plug-In's/Enviroment/enviroment/Office building/Prefabs/conference table Prefab.prefab using Guid(89f109fde965876458c9ca5b3563f1e7) Importer(815301076,1909f56bfc062723c751e8b465ee728b)  -> (artifact id: 'f241817ad20b49e718a6064e572ec386') in 0.018459 seconds
Number of updated asset objects reloaded before import = 0
Number of asset objects unloaded after import = 12
========================================================================
Received Import Request.
  Time since last request: 0.000035 seconds.
  path: Assets/Plug-In's/Enviroment/enviroment/Office building/Prefabs/Coffee cup Prefab.prefab
  artifactKey: Guid(a42b76a8ae68dad4fb4fea3eda1ed3d9) Importer(815301076,1909f56bfc062723c751e8b465ee728b)
Start importing Assets/Plug-In's/Enviroment/enviroment/Office building/Prefabs/Coffee cup Prefab.prefab using Guid(a42b76a8ae68dad4fb4fea3eda1ed3d9) Importer(815301076,1909f56bfc062723c751e8b465ee728b)  -> (artifact id: '8fef60e4404ef6e2539dbc5c951a5eab') in 0.021253 seconds
Number of updated asset objects reloaded before import = 0
Number of asset objects unloaded after import = 12
========================================================================
Received Import Request.
  Time since last request: 0.000021 seconds.
  path: Assets/Plug-In's/Enviroment/enviroment/Office building/Prefabs/computer screen Prefab.prefab
  artifactKey: Guid(edf16aa46c0e0f24f8df62f74474f268) Importer(815301076,1909f56bfc062723c751e8b465ee728b)
Start importing Assets/Plug-In's/Enviroment/enviroment/Office building/Prefabs/computer screen Prefab.prefab using Guid(edf16aa46c0e0f24f8df62f74474f268) Importer(815301076,1909f56bfc062723c751e8b465ee728b)  -> (artifact id: 'df554f3edc2ed1527288f2c0cbaf8754') in 0.017078 seconds
Number of updated asset objects reloaded before import = 0
Number of asset objects unloaded after import = 12
========================================================================
Received Import Request.
  Time since last request: 0.000042 seconds.
  path: Assets/Plug-In's/Enviroment/enviroment/Office building/Prefabs/Couch office 2 Prefab.prefab
  artifactKey: Guid(c928f883aa7cdcf41a6faa362ed971bc) Importer(815301076,1909f56bfc062723c751e8b465ee728b)
Start importing Assets/Plug-In's/Enviroment/enviroment/Office building/Prefabs/Couch office 2 Prefab.prefab using Guid(c928f883aa7cdcf41a6faa362ed971bc) Importer(815301076,1909f56bfc062723c751e8b465ee728b)  -> (artifact id: '1d482fcda90984af23e95f4a4058a0f8') in 0.020636 seconds
Number of updated asset objects reloaded before import = 0
Number of asset objects unloaded after import = 12
========================================================================
Received Import Request.
  Time since last request: 0.000039 seconds.
  path: Assets/Plug-In's/Enviroment/enviroment/Office building/Prefabs/File cupboard 2 Prefab.prefab
  artifactKey: Guid(86ae9667d2fbd2f41b5ab9d81646a75a) Importer(815301076,1909f56bfc062723c751e8b465ee728b)
Start importing Assets/Plug-In's/Enviroment/enviroment/Office building/Prefabs/File cupboard 2 Prefab.prefab using Guid(86ae9667d2fbd2f41b5ab9d81646a75a) Importer(815301076,1909f56bfc062723c751e8b465ee728b)  -> (artifact id: '8f48321f8939b09142cdb0facbf9675a') in 0.017874 seconds
Number of updated asset objects reloaded before import = 0
Number of asset objects unloaded after import = 12
========================================================================
Received Import Request.
  Time since last request: 0.000036 seconds.
  path: Assets/Plug-In's/Enviroment/enviroment/Office building/Prefabs/Cupboard kitchen Prefab.prefab
  artifactKey: Guid(10c5f9ea0e8facd4283453ecc16e0226) Importer(815301076,1909f56bfc062723c751e8b465ee728b)
Start importing Assets/Plug-In's/Enviroment/enviroment/Office building/Prefabs/Cupboard kitchen Prefab.prefab using Guid(10c5f9ea0e8facd4283453ecc16e0226) Importer(815301076,1909f56bfc062723c751e8b465ee728b)  -> (artifact id: '24fbdffdbc58d49886207a3dd49e82c5') in 0.022308 seconds
Number of updated asset objects reloaded before import = 0
Number of asset objects unloaded after import = 12
========================================================================
Received Import Request.
  Time since last request: 0.000018 seconds.
  path: Assets/Plug-In's/Enviroment/enviroment/Office building/Prefabs/filing B prefab.prefab
  artifactKey: Guid(fac4ae714c286054c82c1f4e68a3e641) Importer(815301076,1909f56bfc062723c751e8b465ee728b)
Start importing Assets/Plug-In's/Enviroment/enviroment/Office building/Prefabs/filing B prefab.prefab using Guid(fac4ae714c286054c82c1f4e68a3e641) Importer(815301076,1909f56bfc062723c751e8b465ee728b)  -> (artifact id: '513645ac467cb1db02798bd1f2594096') in 0.035103 seconds
Number of updated asset objects reloaded before import = 0
Number of asset objects unloaded after import = 12
========================================================================
Received Import Request.
  Time since last request: 0.000016 seconds.
  path: Assets/Plug-In's/Enviroment/enviroment/Office building/Prefabs/filing A prefab.prefab
  artifactKey: Guid(9fce8288c1c16de43addab556737d0af) Importer(815301076,1909f56bfc062723c751e8b465ee728b)
Start importing Assets/Plug-In's/Enviroment/enviroment/Office building/Prefabs/filing A prefab.prefab using Guid(9fce8288c1c16de43addab556737d0af) Importer(815301076,1909f56bfc062723c751e8b465ee728b)  -> (artifact id: '3718c41b28c2549c6a7fab960065664d') in 0.019432 seconds
Number of updated asset objects reloaded before import = 0
Number of asset objects unloaded after import = 12
========================================================================
Received Import Request.
  Time since last request: 0.000021 seconds.
  path: Assets/Plug-In's/Enviroment/enviroment/Office building/Prefabs/Kindergarten cupboard A Prefab.prefab
  artifactKey: Guid(7ec8ee5a1421ff44c9aac46f99eb7a2f) Importer(815301076,1909f56bfc062723c751e8b465ee728b)
Start importing Assets/Plug-In's/Enviroment/enviroment/Office building/Prefabs/Kindergarten cupboard A Prefab.prefab using Guid(7ec8ee5a1421ff44c9aac46f99eb7a2f) Importer(815301076,1909f56bfc062723c751e8b465ee728b)  -> (artifact id: 'db750999e901b5aa6d44d3947053e2c1') in 0.017957 seconds
Number of updated asset objects reloaded before import = 0
Number of asset objects unloaded after import = 12
========================================================================
Received Import Request.
  Time since last request: 0.000036 seconds.
  path: Assets/Plug-In's/Enviroment/enviroment/Office building/Prefabs/Kindergarten carpet Prefab.prefab
  artifactKey: Guid(5fbdc5fbf2fc309409f49a8998bd49c2) Importer(815301076,1909f56bfc062723c751e8b465ee728b)
Start importing Assets/Plug-In's/Enviroment/enviroment/Office building/Prefabs/Kindergarten carpet Prefab.prefab using Guid(5fbdc5fbf2fc309409f49a8998bd49c2) Importer(815301076,1909f56bfc062723c751e8b465ee728b)  -> (artifact id: 'fd55d4d43e1dd5cca632b718569373d8') in 0.021229 seconds
Number of updated asset objects reloaded before import = 0
Number of asset objects unloaded after import = 12
========================================================================
Received Import Request.
  Time since last request: 0.000036 seconds.
  path: Assets/Plug-In's/Enviroment/enviroment/Office building/Prefabs/File cupboard prefab.prefab
  artifactKey: Guid(915dd1cfab33f5842802f4774a95100c) Importer(815301076,1909f56bfc062723c751e8b465ee728b)
Start importing Assets/Plug-In's/Enviroment/enviroment/Office building/Prefabs/File cupboard prefab.prefab using Guid(915dd1cfab33f5842802f4774a95100c) Importer(815301076,1909f56bfc062723c751e8b465ee728b)  -> (artifact id: '809720b0e83927d31d412cb5ff6d1503') in 0.020490 seconds
Number of updated asset objects reloaded before import = 0
Number of asset objects unloaded after import = 12
========================================================================
Received Import Request.
  Time since last request: 0.000023 seconds.
  path: Assets/Plug-In's/Enviroment/enviroment/Office building/Prefabs/Fridge Prefab.prefab
  artifactKey: Guid(a9601c421be01af42bdaca1eec89db93) Importer(815301076,1909f56bfc062723c751e8b465ee728b)
Start importing Assets/Plug-In's/Enviroment/enviroment/Office building/Prefabs/Fridge Prefab.prefab using Guid(a9601c421be01af42bdaca1eec89db93) Importer(815301076,1909f56bfc062723c751e8b465ee728b)  -> (artifact id: 'f73f18e8af3f86b8f5afb36eb32ac4f5') in 0.026691 seconds
Number of updated asset objects reloaded before import = 0
Number of asset objects unloaded after import = 12
========================================================================
Received Import Request.
  Time since last request: 0.000022 seconds.
  path: Assets/Plug-In's/Enviroment/enviroment/Office building/Prefabs/Folder black prefab.prefab
  artifactKey: Guid(0d02ca7916ae6944a8fd275d889a8ee7) Importer(815301076,1909f56bfc062723c751e8b465ee728b)
Start importing Assets/Plug-In's/Enviroment/enviroment/Office building/Prefabs/Folder black prefab.prefab using Guid(0d02ca7916ae6944a8fd275d889a8ee7) Importer(815301076,1909f56bfc062723c751e8b465ee728b)  -> (artifact id: '8c00373feb2d6b6353a9d8bd7e7030c2') in 0.023057 seconds
Number of updated asset objects reloaded before import = 0
Number of asset objects unloaded after import = 12
========================================================================
Received Import Request.
  Time since last request: 0.000026 seconds.
  path: Assets/Plug-In's/Enviroment/enviroment/Office building/Prefabs/Keyboard prefab.prefab
  artifactKey: Guid(ca54b7dbf038dd846af9f43d0b03a8cc) Importer(815301076,1909f56bfc062723c751e8b465ee728b)
Start importing Assets/Plug-In's/Enviroment/enviroment/Office building/Prefabs/Keyboard prefab.prefab using Guid(ca54b7dbf038dd846af9f43d0b03a8cc) Importer(815301076,1909f56bfc062723c751e8b465ee728b)  -> (artifact id: '50fe5ece6fb2f8c3dd4996e9d5759ce0') in 0.021020 seconds
Number of updated asset objects reloaded before import = 0
Number of asset objects unloaded after import = 12
========================================================================
Received Import Request.
  Time since last request: 0.000041 seconds.
  path: Assets/Plug-In's/Enviroment/enviroment/Office building/Prefabs/Computer Prefab.prefab
  artifactKey: Guid(aa8c32ebce8c36744ba55c97b8513148) Importer(815301076,1909f56bfc062723c751e8b465ee728b)
Start importing Assets/Plug-In's/Enviroment/enviroment/Office building/Prefabs/Computer Prefab.prefab using Guid(aa8c32ebce8c36744ba55c97b8513148) Importer(815301076,1909f56bfc062723c751e8b465ee728b)  -> (artifact id: '0b2731b87373a0dc7f131b1ac687759d') in 0.021319 seconds
Number of updated asset objects reloaded before import = 0
Number of asset objects unloaded after import = 12
========================================================================
Received Import Request.
  Time since last request: 0.463698 seconds.
  path: Assets/Plug-In's/Enviroment/enviroment/Office building/Prefabs/Kindergarten picture wall Prefab.prefab
  artifactKey: Guid(dc8d908c039573d4f989fc0931f5616f) Importer(815301076,1909f56bfc062723c751e8b465ee728b)
Start importing Assets/Plug-In's/Enviroment/enviroment/Office building/Prefabs/Kindergarten picture wall Prefab.prefab using Guid(dc8d908c039573d4f989fc0931f5616f) Importer(815301076,1909f56bfc062723c751e8b465ee728b)  -> (artifact id: '79c2b6d18f5e11315fcab7a3e9bba8ec') in 0.020208 seconds
Number of updated asset objects reloaded before import = 0
Number of asset objects unloaded after import = 12
========================================================================
Received Import Request.
  Time since last request: 0.000024 seconds.
  path: Assets/Plug-In's/Enviroment/enviroment/Office building/Prefabs/Kitchen oven Prefab.prefab
  artifactKey: Guid(b37815e008a205f44944d74b1fb1a477) Importer(815301076,1909f56bfc062723c751e8b465ee728b)
Start importing Assets/Plug-In's/Enviroment/enviroment/Office building/Prefabs/Kitchen oven Prefab.prefab using Guid(b37815e008a205f44944d74b1fb1a477) Importer(815301076,1909f56bfc062723c751e8b465ee728b)  -> (artifact id: 'd151d32438438643beb89fbeb4859df0') in 0.258302 seconds
Number of updated asset objects reloaded before import = 0
Number of asset objects unloaded after import = 19
========================================================================
Received Import Request.
  Time since last request: 0.000020 seconds.
  path: Assets/Plug-In's/Enviroment/enviroment/Office building/Prefabs/Lamp A Prefab.prefab
  artifactKey: Guid(879cb87e1d568e0468212a4ef47d7ae3) Importer(815301076,1909f56bfc062723c751e8b465ee728b)
Start importing Assets/Plug-In's/Enviroment/enviroment/Office building/Prefabs/Lamp A Prefab.prefab using Guid(879cb87e1d568e0468212a4ef47d7ae3) Importer(815301076,1909f56bfc062723c751e8b465ee728b)  -> (artifact id: '4a0ab3aa68f873987a7a0712ecc1a29b') in 0.023027 seconds
Number of updated asset objects reloaded before import = 0
Number of asset objects unloaded after import = 16
========================================================================
Received Import Request.
  Time since last request: 0.000049 seconds.
  path: Assets/Plug-In's/Enviroment/enviroment/Office building/Prefabs/Kitchen Table A Prefab.prefab
  artifactKey: Guid(b608e409deb58b64ab5822eb261da609) Importer(815301076,1909f56bfc062723c751e8b465ee728b)
Start importing Assets/Plug-In's/Enviroment/enviroment/Office building/Prefabs/Kitchen Table A Prefab.prefab using Guid(b608e409deb58b64ab5822eb261da609) Importer(815301076,1909f56bfc062723c751e8b465ee728b)  -> (artifact id: '9054f1a6f9f57368aa0bebdfdbd21d92') in 0.021213 seconds
Number of updated asset objects reloaded before import = 0
Number of asset objects unloaded after import = 12
========================================================================
Received Import Request.
  Time since last request: 0.000019 seconds.
  path: Assets/Plug-In's/Enviroment/enviroment/Office building/Prefabs/Lamp C Prefab.prefab
  artifactKey: Guid(4f2f0fdda31a14e4283f1712495f8b96) Importer(815301076,1909f56bfc062723c751e8b465ee728b)
Start importing Assets/Plug-In's/Enviroment/enviroment/Office building/Prefabs/Lamp C Prefab.prefab using Guid(4f2f0fdda31a14e4283f1712495f8b96) Importer(815301076,1909f56bfc062723c751e8b465ee728b)  -> (artifact id: 'b99d4145acd3dbd257a82a1e60c46740') in 0.016504 seconds
Number of updated asset objects reloaded before import = 0
Number of asset objects unloaded after import = 16
========================================================================
Received Import Request.
  Time since last request: 0.000029 seconds.
  path: Assets/Plug-In's/Enviroment/enviroment/Office building/Prefabs/Little cactus 2 Prefab.prefab
  artifactKey: Guid(f05a2931e2234bf479d07b46f2cc0284) Importer(815301076,1909f56bfc062723c751e8b465ee728b)
Start importing Assets/Plug-In's/Enviroment/enviroment/Office building/Prefabs/Little cactus 2 Prefab.prefab using Guid(f05a2931e2234bf479d07b46f2cc0284) Importer(815301076,1909f56bfc062723c751e8b465ee728b)  -> (artifact id: 'd104eaff6a821beb8c669c6fa15ed636') in 0.014335 seconds
Number of updated asset objects reloaded before import = 0
Number of asset objects unloaded after import = 17
========================================================================
Received Import Request.
  Time since last request: 0.000016 seconds.
  path: Assets/Plug-In's/Enviroment/enviroment/Office building/Prefabs/Mirror bath Prefab 1.prefab
  artifactKey: Guid(5c9c641e44b2ebe44814379a32f31e0f) Importer(815301076,1909f56bfc062723c751e8b465ee728b)
Start importing Assets/Plug-In's/Enviroment/enviroment/Office building/Prefabs/Mirror bath Prefab 1.prefab using Guid(5c9c641e44b2ebe44814379a32f31e0f) Importer(815301076,1909f56bfc062723c751e8b465ee728b)  -> (artifact id: '8cb605e72da04cb8249704e7a2f52850') in 0.013024 seconds
Number of updated asset objects reloaded before import = 0
Number of asset objects unloaded after import = 12
========================================================================
Received Import Request.
  Time since last request: 0.000017 seconds.
  path: Assets/Plug-In's/Enviroment/enviroment/Office building/Prefabs/office building Prefab.prefab
  artifactKey: Guid(e2e6970f9dbe45743858950d9b85475f) Importer(815301076,1909f56bfc062723c751e8b465ee728b)
Start importing Assets/Plug-In's/Enviroment/enviroment/Office building/Prefabs/office building Prefab.prefab using Guid(e2e6970f9dbe45743858950d9b85475f) Importer(815301076,1909f56bfc062723c751e8b465ee728b)  -> (artifact id: 'd26e469d620ffe872dd1a93006352bdb') in 1.068260 seconds
Number of updated asset objects reloaded before import = 0
Number of asset objects unloaded after import = 25317
========================================================================
Received Import Request.
  Time since last request: 6.889805 seconds.
  path: Assets/Plug-In's/Enviroment/enviroment/Office building/meshes/carton.fbx
  artifactKey: Guid(7c9ede95921539344a5ba620271ca562) Importer(815301076,1909f56bfc062723c751e8b465ee728b)
Start importing Assets/Plug-In's/Enviroment/enviroment/Office building/meshes/carton.fbx using Guid(7c9ede95921539344a5ba620271ca562) Importer(815301076,1909f56bfc062723c751e8b465ee728b)  -> (artifact id: '8e1acab287b0dd9e999bebf379d057a3') in 0.049426 seconds
Number of updated asset objects reloaded before import = 0
Number of asset objects unloaded after import = 8
========================================================================
Received Import Request.
  Time since last request: 0.000021 seconds.
  path: Assets/Plug-In's/Enviroment/enviroment/Office building/meshes/elevator cabin.fbx
  artifactKey: Guid(75181ddabc44e404f9a4b441e892458f) Importer(815301076,1909f56bfc062723c751e8b465ee728b)
Start importing Assets/Plug-In's/Enviroment/enviroment/Office building/meshes/elevator cabin.fbx using Guid(75181ddabc44e404f9a4b441e892458f) Importer(815301076,1909f56bfc062723c751e8b465ee728b)  -> (artifact id: 'a4adf14209cae97d8ab867f53f30173e') in 0.070024 seconds
Number of updated asset objects reloaded before import = 0
Number of asset objects unloaded after import = 18
========================================================================
Received Import Request.
  Time since last request: 0.000023 seconds.
  path: Assets/Plug-In's/Enviroment/enviroment/Office building/meshes/Cupboard.fbx
  artifactKey: Guid(ca2f4fa1a1ebeca46ab1b9116e34ef99) Importer(815301076,1909f56bfc062723c751e8b465ee728b)
Start importing Assets/Plug-In's/Enviroment/enviroment/Office building/meshes/Cupboard.fbx using Guid(ca2f4fa1a1ebeca46ab1b9116e34ef99) Importer(815301076,1909f56bfc062723c751e8b465ee728b)  -> (artifact id: 'ec73eab6616eca1761d21b59dddcbe00') in 0.043037 seconds
Number of updated asset objects reloaded before import = 0
Number of asset objects unloaded after import = 9
========================================================================
Received Import Request.
  Time since last request: 0.000028 seconds.
  path: Assets/Plug-In's/Enviroment/enviroment/Office building/meshes/Exit sign.fbx
  artifactKey: Guid(cb5caf2a3116edb4c845e8c28faae753) Importer(815301076,1909f56bfc062723c751e8b465ee728b)
Start importing Assets/Plug-In's/Enviroment/enviroment/Office building/meshes/Exit sign.fbx using Guid(cb5caf2a3116edb4c845e8c28faae753) Importer(815301076,1909f56bfc062723c751e8b465ee728b)  -> (artifact id: '6fc4e2052514cad3691a274ce98a8864') in 0.035357 seconds
Number of updated asset objects reloaded before import = 0
Number of asset objects unloaded after import = 9
========================================================================
Received Import Request.
  Time since last request: 0.000033 seconds.
  path: Assets/Plug-In's/Enviroment/enviroment/Office building/meshes/paper.fbx
  artifactKey: Guid(efe3c449ba21ecc49bdce006a5e898b0) Importer(815301076,1909f56bfc062723c751e8b465ee728b)
Start importing Assets/Plug-In's/Enviroment/enviroment/Office building/meshes/paper.fbx using Guid(efe3c449ba21ecc49bdce006a5e898b0) Importer(815301076,1909f56bfc062723c751e8b465ee728b)  -> (artifact id: 'fc1c79e7406522ac0adaadbac92295d1') in 0.026309 seconds
Number of updated asset objects reloaded before import = 0
Number of asset objects unloaded after import = 8
========================================================================
Received Import Request.
  Time since last request: 0.000037 seconds.
  path: Assets/Plug-In's/Enviroment/enviroment/Office building/meshes/lobby table.fbx
  artifactKey: Guid(c5576d09fbfa4774e937eb472ececd2b) Importer(815301076,1909f56bfc062723c751e8b465ee728b)
Start importing Assets/Plug-In's/Enviroment/enviroment/Office building/meshes/lobby table.fbx using Guid(c5576d09fbfa4774e937eb472ececd2b) Importer(815301076,1909f56bfc062723c751e8b465ee728b)  -> (artifact id: '28bb4f2af23f37b3d762ced01dd13a27') in 0.028703 seconds
Number of updated asset objects reloaded before import = 0
Number of asset objects unloaded after import = 9
========================================================================
Received Import Request.
  Time since last request: 0.000028 seconds.
  path: Assets/Plug-In's/Enviroment/enviroment/Office building/meshes/Plant 2.fbx
  artifactKey: Guid(c657c26c391a08e4ea339e8b016fa339) Importer(815301076,1909f56bfc062723c751e8b465ee728b)
Start importing Assets/Plug-In's/Enviroment/enviroment/Office building/meshes/Plant 2.fbx using Guid(c657c26c391a08e4ea339e8b016fa339) Importer(815301076,1909f56bfc062723c751e8b465ee728b)  -> (artifact id: '9faed2615008da79a43a197b6923d14b') in 0.040999 seconds
Number of updated asset objects reloaded before import = 0
Number of asset objects unloaded after import = 13
========================================================================
Received Import Request.
  Time since last request: 0.000023 seconds.
  path: Assets/Plug-In's/Enviroment/enviroment/Office building/meshes/paper box.fbx
  artifactKey: Guid(2c88d05a95d2ffa4f97bd18ff5099ed1) Importer(815301076,1909f56bfc062723c751e8b465ee728b)
Start importing Assets/Plug-In's/Enviroment/enviroment/Office building/meshes/paper box.fbx using Guid(2c88d05a95d2ffa4f97bd18ff5099ed1) Importer(815301076,1909f56bfc062723c751e8b465ee728b)  -> (artifact id: '55145803c2cd026d1777fd4130916334') in 0.030388 seconds
Number of updated asset objects reloaded before import = 0
Number of asset objects unloaded after import = 9
========================================================================
Received Import Request.
  Time since last request: 0.000037 seconds.
  path: Assets/Plug-In's/Enviroment/enviroment/Office building/meshes/File box.fbx
  artifactKey: Guid(23f30ae07df66724b9b8b50e083df943) Importer(815301076,1909f56bfc062723c751e8b465ee728b)
Start importing Assets/Plug-In's/Enviroment/enviroment/Office building/meshes/File box.fbx using Guid(23f30ae07df66724b9b8b50e083df943) Importer(815301076,1909f56bfc062723c751e8b465ee728b)  -> (artifact id: '5adf815c807b3fcadfe9da47c445dcf8') in 0.028976 seconds
Number of updated asset objects reloaded before import = 0
Number of asset objects unloaded after import = 9
Editor requested this worker to shutdown with reason: Scaling down because of idle timeout
TcpMessagingSession - receive error: operation aborted. errorcode: 995, details: Bir i parac k veya bir uygulama istei nedeniyle G/ ilemi iptal edildi.
AssetImportWorker is now disconnected from the server
Process exiting
Exiting without the bug reporter. Application will terminate with return code 0